Unity Editor version:    2021.3.25f1 (68ef2c4f8861)
Branch:                  2021.3/staging
Build type:              Release
Batch mode:              YES
macOS version:           Version 14.0 (Build 23A339)
Darwin version:          23.0.0
Architecture:            arm64
Running under Rosetta:   NO
Available memory:        8192 MB
Using pre-set license
Pro License: YES

COMMAND LINE ARGUMENTS:
/Applications/Unity/Hub/Editor/2021.3.25f1/Unity.app/Contents/MacOS/Unity
-adb2
-batchMode
-noUpm
-name
AssetImportWorker7
-projectPath
/Users/teotataris/Documents/GitHub/My_RPG
-logFile
Logs/AssetImportWorker7.log
-srvPort
49498
Successfully changed project path to: /Users/teotataris/Documents/GitHub/My_RPG
/Users/teotataris/Documents/GitHub/My_RPG
[UnityMemory] Configuration Parameters - Can be set up in boot.config
    "memorysetup-bucket-allocator-granularity=16"
    "memorysetup-bucket-allocator-bucket-count=8"
    "memorysetup-bucket-allocator-block-size=33554432"
    "memorysetup-bucket-allocator-block-count=8"
    "memorysetup-main-allocator-block-size=16777216"
    "memorysetup-thread-allocator-block-size=16777216"
    "memorysetup-gfx-main-allocator-block-size=16777216"
    "memorysetup-gfx-thread-allocator-block-size=16777216"
    "memorysetup-cache-allocator-block-size=4194304"
    "memorysetup-typetree-allocator-block-size=2097152"
    "memorysetup-profiler-bucket-allocator-granularity=16"
    "memorysetup-profiler-bucket-allocator-bucket-count=8"
    "memorysetup-profiler-bucket-allocator-block-size=33554432"
    "memorysetup-profiler-bucket-allocator-block-count=8"
    "memorysetup-profiler-allocator-block-size=16777216"
    "memorysetup-profiler-editor-allocator-block-size=1048576"
    "memorysetup-temp-allocator-size-main=16777216"
    "memorysetup-job-temp-allocator-block-size=2097152"
    "memorysetup-job-temp-allocator-block-size-background=1048576"
    "memorysetup-job-temp-allocator-reduction-small-platforms=262144"
    "memorysetup-temp-allocator-size-background-worker=32768"
    "memorysetup-temp-allocator-size-job-worker=262144"
    "memorysetup-temp-allocator-size-preload-manager=33554432"
    "memorysetup-temp-allocator-size-nav-mesh-worker=65536"
    "memorysetup-temp-allocator-size-audio-worker=65536"
    "memorysetup-temp-allocator-size-cloud-worker=32768"
    "memorysetup-temp-allocator-size-gi-baking-worker=262144"
    "memorysetup-temp-allocator-size-gfx=262144"
Player connection [8121488128] Host "[IP] 10.4.22.29 [Port] 0 [Flags] 2 [Guid] 1729583440 [EditorId] 1729583440 [Version] 1048832 [Id] OSXEditor(0,MacBook-Air-Teo.local) [Debug] 1 [PackageName] OSXEditor [ProjectName] Editor" joined multi-casting on [225.0.0.222:54997]...

Player connection [8121488128] Host "[IP] 10.4.22.29 [Port] 0 [Flags] 2 [Guid] 1729583440 [EditorId] 1729583440 [Version] 1048832 [Id] OSXEditor(0,MacBook-Air-Teo.local) [Debug] 1 [PackageName] OSXEditor [ProjectName] Editor" joined alternative multi-casting on [225.0.0.222:34997]...

Refreshing native plugins compatible for Editor in 197.76 ms, found 3 plugins.
Preloading 0 native plugins for Editor in 0.00 ms.
Initialize engine version: 2021.3.25f1 (68ef2c4f8861)
[Subsystems] Discovering subsystems at path /Applications/Unity/Hub/Editor/2021.3.25f1/Unity.app/Contents/Resources/UnitySubsystems
[Subsystems] Discovering subsystems at path /Users/teotataris/Documents/GitHub/My_RPG/Assets
GfxDevice: creating device client; threaded=0; jobified=0
 preferred device: Apple M1 (high power)
Metal devices available: 1
0: Apple M1 (high power)
Using device Apple M1 (high power)
Initializing Metal device caps: Apple M1
Initialize mono
Mono path[0] = '/Applications/Unity/Hub/Editor/2021.3.25f1/Unity.app/Contents/Managed'
Mono path[1] = '/Applications/Unity/Hub/Editor/2021.3.25f1/Unity.app/Contents/MonoBleedingEdge/lib/mono/unityjit-macos'
Mono config path = '/Applications/Unity/Hub/Editor/2021.3.25f1/Unity.app/Contents/MonoBleedingEdge/etc'
Using monoOptions --debugger-agent=transport=dt_socket,embedding=1,server=y,suspend=n,address=127.0.0.1:56821
Begin MonoManager ReloadAssembly
Registering precompiled unity dll's ...
Register platform support module: /Applications/Unity/Hub/Editor/2021.3.25f1/Unity.app/Contents/PlaybackEngines/MacStandaloneSupport/UnityEditor.OSXStandalone.Extensions.dll
Registered in 0.001073 seconds.
Native extension for OSXStandalone target not found
Refreshing native plugins compatible for Editor in 140.96 ms, found 3 plugins.
Preloading 0 native plugins for Editor in 0.00 ms.
Mono: successfully reloaded assembly
- Completed reload, in  0.584 seconds
Domain Reload Profiling:
	ReloadAssembly (584ms)
		BeginReloadAssembly (93ms)
			ExecutionOrderSort (0ms)
			DisableScriptedObjects (0ms)
			BackupInstance (0ms)
			ReleaseScriptingObjects (0ms)
			CreateAndSetChildDomain (1ms)
		EndReloadAssembly (420ms)
			LoadAssemblies (92ms)
			RebuildTransferFunctionScriptingTraits (1ms)
			SetupTypeCache (92ms)
			ReleaseScriptCaches (0ms)
			RebuildScriptCaches (25ms)
			SetupLoadedEditorAssemblies (268ms)
				LogAssemblyErrors (0ms)
				InitializePlatformSupportModulesInManaged (4ms)
				SetLoadedEditorAssemblies (0ms)
				RefreshPlugins (141ms)
				BeforeProcessingInitializeOnLoad (1ms)
				ProcessInitializeOnLoadAttributes (93ms)
				ProcessInitializeOnLoadMethodAttributes (30ms)
				AfterProcessingInitializeOnLoad (0ms)
				EditorAssembliesLoaded (0ms)
			ExecutionOrderSort2 (0ms)
			AwakeInstancesAfterBackupRestoration (0ms)
Platform modules already initialized, skipping
Registering precompiled user dll's ...
Registered in 0.006409 seconds.
Begin MonoManager ReloadAssembly
Symbol file LoadedFromMemory doesn't match image /Users/teotataris/Documents/GitHub/My_RPG/Library/PackageCache/com.unity.visualscripting@1.8.0/Editor/VisualScripting.Core/Dependencies/YamlDotNet/Unity.VisualScripting.YamlDotNet.dll
Symbol file LoadedFromMemory doesn't match image /Users/teotataris/Documents/GitHub/My_RPG/Library/PackageCache/com.unity.visualscripting@1.8.0/Editor/VisualScripting.Core/Dependencies/DotNetZip/Unity.VisualScripting.IonicZip.dll
Native extension for OSXStandalone target not found
Refreshing native plugins compatible for Editor in 147.23 ms, found 3 plugins.
Preloading 0 native plugins for Editor in 0.00 ms.
Mono: successfully reloaded assembly
- Completed reload, in  1.288 seconds
Domain Reload Profiling:
	ReloadAssembly (1289ms)
		BeginReloadAssembly (86ms)
			ExecutionOrderSort (0ms)
			DisableScriptedObjects (3ms)
			BackupInstance (0ms)
			ReleaseScriptingObjects (0ms)
			CreateAndSetChildDomain (16ms)
		EndReloadAssembly (1128ms)
			LoadAssemblies (98ms)
			RebuildTransferFunctionScriptingTraits (0ms)
			SetupTypeCache (260ms)
			ReleaseScriptCaches (1ms)
			RebuildScriptCaches (67ms)
			SetupLoadedEditorAssemblies (693ms)
				LogAssemblyErrors (0ms)
				InitializePlatformSupportModulesInManaged (2ms)
				SetLoadedEditorAssemblies (0ms)
				RefreshPlugins (147ms)
				BeforeProcessingInitializeOnLoad (91ms)
				ProcessInitializeOnLoadAttributes (414ms)
				ProcessInitializeOnLoadMethodAttributes (38ms)
				AfterProcessingInitializeOnLoad (2ms)
				EditorAssembliesLoaded (0ms)
			ExecutionOrderSort2 (0ms)
			AwakeInstancesAfterBackupRestoration (2ms)
Platform modules already initialized, skipping
========================================================================
Worker process is ready to serve import requests
Launching external process: /Applications/Unity/Hub/Editor/2021.3.25f1/Unity.app/Contents/Tools/UnityShaderCompiler
Launched and connected shader compiler UnityShaderCompiler after 0.30 seconds
Refreshing native plugins compatible for Editor in 1.37 ms, found 3 plugins.
Preloading 0 native plugins for Editor in 0.00 ms.
Unloading 6050 Unused Serialized files (Serialized files now loaded: 0)
Unloading 86 unused Assets / (3.7 MB). Loaded Objects now: 6525.
Memory consumption went from 413.4 MB to 409.8 MB.
Total: 5.115250 ms (FindLiveObjects: 0.249250 ms CreateObjectMapping: 0.113000 ms MarkObjects: 3.379792 ms  DeleteObjects: 1.372291 ms)

AssetImportParameters requested are different than current active one (requested -> active):
  custom:video-decoder-ogg-theora: a1e56fd34408186e4bbccfd4996cb3dc -> 
  custom:container-muxer-webm: aa71ff27fc2769a1b78a27578f13a17b -> 
  custom:container-demuxer-webm: 4f35f7cbe854078d1ac9338744f61a02 -> 
  custom:video-encoder-webm-vp8: eb34c28f22e8b96e1ab97ce403110664 -> 
  custom:framework-osx-AVFoundation: e770b220cccbd017edd2c1fefb359320 -> 
  custom:audio-encoder-webm-vorbis: bf7c407c2cedff20999df2af8eb42d56 -> 
  custom:container-demuxer-ogg: 62fdf1f143b41e24485cea50d1cbac27 -> 
  custom:video-decoder-webm-vp8: 9c59270c3fd7afecdb556c50c9e8de78 -> 
  custom:audio-decoder-ogg-vorbis: bf7c407c2cedff20999df2af8eb42d56 -> 
========================================================================
Received Import Request.
  Time since last request: 378640.657358 seconds.
  path: Packages/com.unity.render-pipelines.universal/Editor/2D/Resources/InspectorIcons/FreeformLight.png
  artifactKey: Guid(68e5bb6e60bebc046b26d3c3100a523b) Importer(815301076,1909f56bfc062723c751e8b465ee728b)
Start importing Packages/com.unity.render-pipelines.universal/Editor/2D/Resources/InspectorIcons/FreeformLight.png using Guid(68e5bb6e60bebc046b26d3c3100a523b) Importer(815301076,1909f56bfc062723c751e8b465ee728b)  -> (artifact id: '12769d10566e9d371f8297e7979ca05b') in 0.366721 seconds 
========================================================================
Received Import Request.
  Time since last request: 3.534383 seconds.
  path: Assets/Weapons/Blink/Art/Weapons/LowPoly/FreeRPGWeapons/_PREFABS/Axe1H_Epic.prefab
  artifactKey: Guid(992bb947a6df6634487686c2fe6330bc) Importer(815301076,1909f56bfc062723c751e8b465ee728b)
Start importing Assets/Weapons/Blink/Art/Weapons/LowPoly/FreeRPGWeapons/_PREFABS/Axe1H_Epic.prefab using Guid(992bb947a6df6634487686c2fe6330bc) Importer(815301076,1909f56bfc062723c751e8b465ee728b)  -> (artifact id: '3428f2e3442c397c68cce1e0a9d86f70') in 0.200170 seconds 
========================================================================
Received Import Request.
  Time since last request: 0.000073 seconds.
  path: Assets/Weapons/Blink/Art/Weapons/LowPoly/FreeRPGWeapons/_PREFABS/Axe1H_Medium.prefab
  artifactKey: Guid(0e960670a1eb55b44b56f715951db803) Importer(815301076,1909f56bfc062723c751e8b465ee728b)
Start importing Assets/Weapons/Blink/Art/Weapons/LowPoly/FreeRPGWeapons/_PREFABS/Axe1H_Medium.prefab using Guid(0e960670a1eb55b44b56f715951db803) Importer(815301076,1909f56bfc062723c751e8b465ee728b)  -> (artifact id: 'a5b6a0acc4b5ff9672e0a8f1ca9e9291') in 0.038387 seconds 
========================================================================
Received Import Request.
  Time since last request: 0.000073 seconds.
  path: Assets/Weapons/Blink/Art/Weapons/LowPoly/FreeRPGWeapons/_PREFABS/Spear2H_Basic.prefab
  artifactKey: Guid(9cce733bd367fb54a909bcfcc3841d53) Importer(815301076,1909f56bfc062723c751e8b465ee728b)
Start importing Assets/Weapons/Blink/Art/Weapons/LowPoly/FreeRPGWeapons/_PREFABS/Spear2H_Basic.prefab using Guid(9cce733bd367fb54a909bcfcc3841d53) Importer(815301076,1909f56bfc062723c751e8b465ee728b)  -> (artifact id: '613cc48741120eccff1bedf995499148') in 0.032566 seconds 
========================================================================
Received Import Request.
  Time since last request: 0.000071 seconds.
  path: Assets/Weapons/Blink/Art/Weapons/LowPoly/FreeRPGWeapons/_PREFABS/Staff_Basic.prefab
  artifactKey: Guid(0d0ae09fa98635e4e8435fc1a1fc72c7) Importer(815301076,1909f56bfc062723c751e8b465ee728b)
Start importing Assets/Weapons/Blink/Art/Weapons/LowPoly/FreeRPGWeapons/_PREFABS/Staff_Basic.prefab using Guid(0d0ae09fa98635e4e8435fc1a1fc72c7) Importer(815301076,1909f56bfc062723c751e8b465ee728b)  -> (artifact id: '074114f3e63833e1cddd99f593fcd67f') in 0.032373 seconds 
========================================================================
Received Import Request.
  Time since last request: 0.000086 seconds.
  path: Assets/Weapons/Blink/Art/Weapons/LowPoly/FreeRPGWeapons/_PREFABS/Staff_Medium.prefab
  artifactKey: Guid(340f8fecb7a9daa4bb72c4d06454e3c6) Importer(815301076,1909f56bfc062723c751e8b465ee728b)
Start importing Assets/Weapons/Blink/Art/Weapons/LowPoly/FreeRPGWeapons/_PREFABS/Staff_Medium.prefab using Guid(340f8fecb7a9daa4bb72c4d06454e3c6) Importer(815301076,1909f56bfc062723c751e8b465ee728b)  -> (artifact id: '58302165ce8c66b702f0f2dffe575195') in 0.033186 seconds 
========================================================================
Received Import Request.
  Time since last request: 0.000054 seconds.
  path: Assets/Weapons/Blink/Art/Weapons/LowPoly/FreeRPGWeapons/_PREFABS/Wand_Medium.prefab
  artifactKey: Guid(a976c1b6e1a7097458bb2765bcb0ab4d) Importer(815301076,1909f56bfc062723c751e8b465ee728b)
Start importing Assets/Weapons/Blink/Art/Weapons/LowPoly/FreeRPGWeapons/_PREFABS/Wand_Medium.prefab using Guid(a976c1b6e1a7097458bb2765bcb0ab4d) Importer(815301076,1909f56bfc062723c751e8b465ee728b)  -> (artifact id: 'f2a6c9c0274dd9c29acd5900c50bbff5') in 0.038971 seconds 
========================================================================
Received Import Request.
  Time since last request: 0.000300 seconds.
  path: Assets/Weapons/Blink/Art/Weapons/LowPoly/FreeRPGWeapons/_PREFABS/Mace2H_Epic.prefab
  artifactKey: Guid(0b87c5c82fdfc6c4686ad668eb24450e) Importer(815301076,1909f56bfc062723c751e8b465ee728b)
Start importing Assets/Weapons/Blink/Art/Weapons/LowPoly/FreeRPGWeapons/_PREFABS/Mace2H_Epic.prefab using Guid(0b87c5c82fdfc6c4686ad668eb24450e) Importer(815301076,1909f56bfc062723c751e8b465ee728b)  -> (artifact id: 'e3ff0d39878651d5d87af31734716b5c') in 0.029522 seconds 
========================================================================
Received Import Request.
  Time since last request: 0.000082 seconds.
  path: Assets/Weapons/Blink/Art/Weapons/LowPoly/FreeRPGWeapons/_PREFABS/Spear1H_Epic.prefab
  artifactKey: Guid(c8f328ffdc9cd3646ab8b4c340edbbba) Importer(815301076,1909f56bfc062723c751e8b465ee728b)
Start importing Assets/Weapons/Blink/Art/Weapons/LowPoly/FreeRPGWeapons/_PREFABS/Spear1H_Epic.prefab using Guid(c8f328ffdc9cd3646ab8b4c340edbbba) Importer(815301076,1909f56bfc062723c751e8b465ee728b)  -> (artifact id: '7bc9623436e5f89a87e5a2c7822525fb') in 0.032052 seconds 
========================================================================
Received Import Request.
  Time since last request: 0.000090 seconds.
  path: Assets/Weapons/Blink/Art/Weapons/LowPoly/FreeRPGWeapons/_PREFABS/Axe2H_Medium.prefab
  artifactKey: Guid(bda0e0a54afa7464ab2ce114082b55d6) Importer(815301076,1909f56bfc062723c751e8b465ee728b)
Start importing Assets/Weapons/Blink/Art/Weapons/LowPoly/FreeRPGWeapons/_PREFABS/Axe2H_Medium.prefab using Guid(bda0e0a54afa7464ab2ce114082b55d6) Importer(815301076,1909f56bfc062723c751e8b465ee728b)  -> (artifact id: '9b3c2f87124e0770d2d9596b5e11092f') in 0.023246 seconds 
========================================================================
Received Import Request.
  Time since last request: 0.000122 seconds.
  path: Assets/Weapons/Blink/Art/Weapons/LowPoly/FreeRPGWeapons/_PREFABS/Mace2H_Basic.prefab
  artifactKey: Guid(85ba34deb1de19f41ae8795fef846895) Importer(815301076,1909f56bfc062723c751e8b465ee728b)
Start importing Assets/Weapons/Blink/Art/Weapons/LowPoly/FreeRPGWeapons/_PREFABS/Mace2H_Basic.prefab using Guid(85ba34deb1de19f41ae8795fef846895) Importer(815301076,1909f56bfc062723c751e8b465ee728b)  -> (artifact id: '9a74f175c6410600907fea5906d2a5af') in 0.029283 seconds 
========================================================================
Received Import Request.
  Time since last request: 0.000114 seconds.
  path: Assets/Weapons/Blink/Art/Weapons/LowPoly/FreeRPGWeapons/_PREFABS/Mace2H_Medium.prefab
  artifactKey: Guid(aac5a422caf682d45bb63a88e5b01e00) Importer(815301076,1909f56bfc062723c751e8b465ee728b)
Start importing Assets/Weapons/Blink/Art/Weapons/LowPoly/FreeRPGWeapons/_PREFABS/Mace2H_Medium.prefab using Guid(aac5a422caf682d45bb63a88e5b01e00) Importer(815301076,1909f56bfc062723c751e8b465ee728b)  -> (artifact id: 'e77e99330a608ce554543190efa67f06') in 0.024138 seconds 
========================================================================
Received Import Request.
  Time since last request: 0.000092 seconds.
  path: Assets/Weapons/Blink/Art/Weapons/LowPoly/FreeRPGWeapons/_PREFABS/Shield_Basic.prefab
  artifactKey: Guid(a71d1f9b3c3dfdf4f8190625852fd277) Importer(815301076,1909f56bfc062723c751e8b465ee728b)
Start importing Assets/Weapons/Blink/Art/Weapons/LowPoly/FreeRPGWeapons/_PREFABS/Shield_Basic.prefab using Guid(a71d1f9b3c3dfdf4f8190625852fd277) Importer(815301076,1909f56bfc062723c751e8b465ee728b)  -> (artifact id: '7d12f08b9beb328123daf94992b612bc') in 0.024794 seconds 
========================================================================
Received Import Request.
  Time since last request: 0.000077 seconds.
  path: Assets/Weapons/Blink/Art/Weapons/LowPoly/FreeRPGWeapons/_PREFABS/Axe2H_Epic.prefab
  artifactKey: Guid(d2a4ffc4311ba5e4c81b0fc76531c362) Importer(815301076,1909f56bfc062723c751e8b465ee728b)
Start importing Assets/Weapons/Blink/Art/Weapons/LowPoly/FreeRPGWeapons/_PREFABS/Axe2H_Epic.prefab using Guid(d2a4ffc4311ba5e4c81b0fc76531c362) Importer(815301076,1909f56bfc062723c751e8b465ee728b)  -> (artifact id: '47a28d32b01633bbe7528c029b034028') in 0.030096 seconds 
========================================================================
Received Import Request.
  Time since last request: 0.000066 seconds.
  path: Assets/Weapons/Blink/Art/Weapons/LowPoly/FreeRPGWeapons/_PREFABS/Mace1H_Medium.prefab
  artifactKey: Guid(478ff0a4533fe6a4da58f78bf1739439) Importer(815301076,1909f56bfc062723c751e8b465ee728b)
Start importing Assets/Weapons/Blink/Art/Weapons/LowPoly/FreeRPGWeapons/_PREFABS/Mace1H_Medium.prefab using Guid(478ff0a4533fe6a4da58f78bf1739439) Importer(815301076,1909f56bfc062723c751e8b465ee728b)  -> (artifact id: 'c0e6a8bcd31b1fb5c8f89e77408e8e0c') in 0.020712 seconds 
Editor requested this worker to shutdown with reason: Scaling down because of idle timeout
AssetImportWorker is now disconnected from the server
Process exiting
