Using pre-set license
Built from '2021.3/staging' branch; Version is '2021.3.25f1 (68ef2c4f8861) revision 6876972'; Using compiler version '192829333'; Build Type 'Release'
OS: 'Windows 11  (10.0.22621) 64bit Professional' Language: 'en' Physical Memory: 16334 MB
BatchMode: 1, IsHumanControllingUs: 0, StartBugReporterOnCrash: 0, Is64bit: 1, IsPro: 1

COMMAND LINE ARGUMENTS:
X:\2021.3.25f1\Editor\Unity.exe
-adb2
-batchMode
-noUpm
-name
AssetImportWorker4
-projectPath
X:/GitHub/My_RPG
-logFile
Logs/AssetImportWorker4.log
-srvPort
50267
Successfully changed project path to: X:/GitHub/My_RPG
X:/GitHub/My_RPG
[UnityMemory] Configuration Parameters - Can be set up in boot.config
    "memorysetup-bucket-allocator-granularity=16"
    "memorysetup-bucket-allocator-bucket-count=8"
    "memorysetup-bucket-allocator-block-size=33554432"
    "memorysetup-bucket-allocator-block-count=8"
    "memorysetup-main-allocator-block-size=16777216"
    "memorysetup-thread-allocator-block-size=16777216"
    "memorysetup-gfx-main-allocator-block-size=16777216"
    "memorysetup-gfx-thread-allocator-block-size=16777216"
    "memorysetup-cache-allocator-block-size=4194304"
    "memorysetup-typetree-allocator-block-size=2097152"
    "memorysetup-profiler-bucket-allocator-granularity=16"
    "memorysetup-profiler-bucket-allocator-bucket-count=8"
    "memorysetup-profiler-bucket-allocator-block-size=33554432"
    "memorysetup-profiler-bucket-allocator-block-count=8"
    "memorysetup-profiler-allocator-block-size=16777216"
    "memorysetup-profiler-editor-allocator-block-size=1048576"
    "memorysetup-temp-allocator-size-main=16777216"
    "memorysetup-job-temp-allocator-block-size=2097152"
    "memorysetup-job-temp-allocator-block-size-background=1048576"
    "memorysetup-job-temp-allocator-reduction-small-platforms=262144"
    "memorysetup-temp-allocator-size-background-worker=32768"
    "memorysetup-temp-allocator-size-job-worker=262144"
    "memorysetup-temp-allocator-size-preload-manager=33554432"
    "memorysetup-temp-allocator-size-nav-mesh-worker=65536"
    "memorysetup-temp-allocator-size-audio-worker=65536"
    "memorysetup-temp-allocator-size-cloud-worker=32768"
    "memorysetup-temp-allocator-size-gi-baking-worker=262144"
    "memorysetup-temp-allocator-size-gfx=262144"
Player connection [8452] Host "[IP] 192.168.56.1 [Port] 0 [Flags] 2 [Guid] 1619856122 [EditorId] 1619856122 [Version] 1048832 [Id] WindowsEditor(7,Teo) [Debug] 1 [PackageName] WindowsEditor [ProjectName] Editor" joined multi-casting on [225.0.0.222:54997]...

Player connection [8452] Host "[IP] 192.168.56.1 [Port] 0 [Flags] 2 [Guid] 1619856122 [EditorId] 1619856122 [Version] 1048832 [Id] WindowsEditor(7,Teo) [Debug] 1 [PackageName] WindowsEditor [ProjectName] Editor" joined alternative multi-casting on [225.0.0.222:34997]...

Refreshing native plugins compatible for Editor in 161.58 ms, found 5 plugins.
Preloading 0 native plugins for Editor in 0.00 ms.
Initialize engine version: 2021.3.25f1 (68ef2c4f8861)
[Subsystems] Discovering subsystems at path X:/2021.3.25f1/Editor/Data/Resources/UnitySubsystems
[Subsystems] Discovering subsystems at path X:/GitHub/My_RPG/Assets
GfxDevice: creating device client; threaded=0; jobified=0
Direct3D:
    Version:  Direct3D 11.0 [level 11.1]
    Renderer: Radeon RX 580 Series (ID=0x67df)
    Vendor:   ATI
    VRAM:     4074 MB
    Driver:   31.0.21902.5
Initialize mono
Mono path[0] = 'X:/2021.3.25f1/Editor/Data/Managed'
Mono path[1] = 'X:/2021.3.25f1/Editor/Data/MonoBleedingEdge/lib/mono/unityjit-win32'
Mono config path = 'X:/2021.3.25f1/Editor/Data/MonoBleedingEdge/etc'
Using monoOptions --debugger-agent=transport=dt_socket,embedding=1,server=y,suspend=n,address=127.0.0.1:56040
Begin MonoManager ReloadAssembly
Registering precompiled unity dll's ...
Register platform support module: X:/2021.3.25f1/Editor/Data/PlaybackEngines/WindowsStandaloneSupport/UnityEditor.WindowsStandalone.Extensions.dll
Registered in 0.002026 seconds.
Native extension for WindowsStandalone target not found
Refreshing native plugins compatible for Editor in 167.14 ms, found 5 plugins.
Preloading 0 native plugins for Editor in 0.00 ms.
Mono: successfully reloaded assembly
- Completed reload, in  0.841 seconds
Domain Reload Profiling:
	ReloadAssembly (842ms)
		BeginReloadAssembly (121ms)
			ExecutionOrderSort (0ms)
			DisableScriptedObjects (0ms)
			BackupInstance (0ms)
			ReleaseScriptingObjects (0ms)
			CreateAndSetChildDomain (1ms)
		EndReloadAssembly (615ms)
			LoadAssemblies (121ms)
			RebuildTransferFunctionScriptingTraits (0ms)
			SetupTypeCache (121ms)
			ReleaseScriptCaches (0ms)
			RebuildScriptCaches (30ms)
			SetupLoadedEditorAssemblies (407ms)
				LogAssemblyErrors (0ms)
				InitializePlatformSupportModulesInManaged (7ms)
				SetLoadedEditorAssemblies (0ms)
				RefreshPlugins (167ms)
				BeforeProcessingInitializeOnLoad (2ms)
				ProcessInitializeOnLoadAttributes (177ms)
				ProcessInitializeOnLoadMethodAttributes (54ms)
				AfterProcessingInitializeOnLoad (0ms)
				EditorAssembliesLoaded (0ms)
			ExecutionOrderSort2 (0ms)
			AwakeInstancesAfterBackupRestoration (0ms)
Platform modules already initialized, skipping
Registering precompiled user dll's ...
Registered in 0.008667 seconds.
Begin MonoManager ReloadAssembly
Symbol file LoadedFromMemory doesn't match image X:\GitHub\My_RPG\Library\PackageCache\com.unity.visualscripting@1.8.0\Editor\VisualScripting.Core\Dependencies\YamlDotNet\Unity.VisualScripting.YamlDotNet.dll
Symbol file LoadedFromMemory doesn't match image X:\GitHub\My_RPG\Library\PackageCache\com.unity.visualscripting@1.8.0\Editor\VisualScripting.Core\Dependencies\DotNetZip\Unity.VisualScripting.IonicZip.dll
Native extension for WindowsStandalone target not found
Refreshing native plugins compatible for Editor in 155.15 ms, found 5 plugins.
Preloading 0 native plugins for Editor in 0.00 ms.
Mono: successfully reloaded assembly
- Completed reload, in  1.715 seconds
Domain Reload Profiling:
	ReloadAssembly (1716ms)
		BeginReloadAssembly (149ms)
			ExecutionOrderSort (0ms)
			DisableScriptedObjects (7ms)
			BackupInstance (0ms)
			ReleaseScriptingObjects (0ms)
			CreateAndSetChildDomain (19ms)
		EndReloadAssembly (1443ms)
			LoadAssemblies (145ms)
			RebuildTransferFunctionScriptingTraits (0ms)
			SetupTypeCache (407ms)
			ReleaseScriptCaches (1ms)
			RebuildScriptCaches (87ms)
			SetupLoadedEditorAssemblies (781ms)
				LogAssemblyErrors (0ms)
				InitializePlatformSupportModulesInManaged (3ms)
				SetLoadedEditorAssemblies (0ms)
				RefreshPlugins (155ms)
				BeforeProcessingInitializeOnLoad (122ms)
				ProcessInitializeOnLoadAttributes (412ms)
				ProcessInitializeOnLoadMethodAttributes (84ms)
				AfterProcessingInitializeOnLoad (3ms)
				EditorAssembliesLoaded (0ms)
			ExecutionOrderSort2 (0ms)
			AwakeInstancesAfterBackupRestoration (11ms)
Platform modules already initialized, skipping
========================================================================
Worker process is ready to serve import requests
Launched and connected shader compiler UnityShaderCompiler.exe after 0.05 seconds
Refreshing native plugins compatible for Editor in 1.33 ms, found 5 plugins.
Preloading 0 native plugins for Editor in 0.00 ms.
Unloading 5803 Unused Serialized files (Serialized files now loaded: 0)
Unloading 69 unused Assets / (3.4 MB). Loaded Objects now: 6290.
Memory consumption went from 356.2 MB to 352.7 MB.
Total: 5.561000 ms (FindLiveObjects: 0.613200 ms CreateObjectMapping: 0.188900 ms MarkObjects: 3.820400 ms  DeleteObjects: 0.936800 ms)

AssetImportParameters requested are different than current active one (requested -> active):
  custom:video-decoder-ogg-theora: a1e56fd34408186e4bbccfd4996cb3dc -> 
  custom:container-muxer-webm: aa71ff27fc2769a1b78a27578f13a17b -> 
  custom:container-demuxer-webm: 4f35f7cbe854078d1ac9338744f61a02 -> 
  custom:video-encoder-webm-vp8: eb34c28f22e8b96e1ab97ce403110664 -> 
  custom:video-codec-MediaFoundation-h265: 746d11721c4dcdbdad8f713fa42b33f4 -> 
  custom:audio-encoder-webm-vorbis: bf7c407c2cedff20999df2af8eb42d56 -> 
  custom:framework-win-MediaFoundation: 216162199b28c13a410421893ffa2e32 -> 
  custom:container-demuxer-ogg: 62fdf1f143b41e24485cea50d1cbac27 -> 
  custom:video-decoder-webm-vp8: 9c59270c3fd7afecdb556c50c9e8de78 -> 
  custom:audio-decoder-ogg-vorbis: bf7c407c2cedff20999df2af8eb42d56 -> 
========================================================================
Received Import Request.
  Time since last request: 5396.216952 seconds.
  path: Assets/Prefabs/Trees (Japanese)/JapaneseGardenPackage/Materials/brocco_jg_rock.mat
  artifactKey: Guid(1f420555c987bebdb81915cd43a47494) Importer(815301076,1909f56bfc062723c751e8b465ee728b)
Start importing Assets/Prefabs/Trees (Japanese)/JapaneseGardenPackage/Materials/brocco_jg_rock.mat using Guid(1f420555c987bebdb81915cd43a47494) Importer(815301076,1909f56bfc062723c751e8b465ee728b)  -> (artifact id: '8a1c075c672d304a0262f989aeb74667') in 0.530794 seconds 
========================================================================
Received Import Request.
  Time since last request: 0.000047 seconds.
  path: Assets/Ground Textures/Ground textures pack/Grass & rocks/Grass & rocks pattern.mat
  artifactKey: Guid(fedc75da63b32e249bccd7450cd29351) Importer(815301076,1909f56bfc062723c751e8b465ee728b)
Start importing Assets/Ground Textures/Ground textures pack/Grass & rocks/Grass & rocks pattern.mat using Guid(fedc75da63b32e249bccd7450cd29351) Importer(815301076,1909f56bfc062723c751e8b465ee728b)  -> (artifact id: '3b03aeb0abd07bbdbcb8b8b47df573ee') in 0.531212 seconds 
========================================================================
Received Import Request.
  Time since last request: 0.610100 seconds.
  path: Assets/Ground Textures/Ground textures pack/Ground & rocks 03/Ground & rocks pattern 03.mat
  artifactKey: Guid(bce0cd8cdfffc2a41b798316325a24d2) Importer(815301076,1909f56bfc062723c751e8b465ee728b)
Start importing Assets/Ground Textures/Ground textures pack/Ground & rocks 03/Ground & rocks pattern 03.mat using Guid(bce0cd8cdfffc2a41b798316325a24d2) Importer(815301076,1909f56bfc062723c751e8b465ee728b)  -> (artifact id: '542da843360df9551fddf8826ff16c98') in 0.196906 seconds 
========================================================================
Received Import Request.
  Time since last request: 0.873512 seconds.
  path: Assets/Useful Stuff/Polytope Studio/Lowpoly_Environments/Sources/Materials/PT_Rocks_mat.mat
  artifactKey: Guid(93415edde47040648869ae6638d33ced) Importer(815301076,1909f56bfc062723c751e8b465ee728b)
Start importing Assets/Useful Stuff/Polytope Studio/Lowpoly_Environments/Sources/Materials/PT_Rocks_mat.mat using Guid(93415edde47040648869ae6638d33ced) Importer(815301076,1909f56bfc062723c751e8b465ee728b)  -> (artifact id: '79b87050c03907f0a36130b7984f0f29') in 0.030607 seconds 
========================================================================
Received Import Request.
  Time since last request: 17.188290 seconds.
  path: Assets/Useful Stuff/A_piece_of_nature/Models/Materials/Rocks_3_4_roughness.mat
  artifactKey: Guid(d7046b042b8bb5f45bd99400d84fe8e7) Importer(815301076,1909f56bfc062723c751e8b465ee728b)
Start importing Assets/Useful Stuff/A_piece_of_nature/Models/Materials/Rocks_3_4_roughness.mat using Guid(d7046b042b8bb5f45bd99400d84fe8e7) Importer(815301076,1909f56bfc062723c751e8b465ee728b)  -> (artifact id: 'c17ab415157a90475d76f0e029d483e6') in 0.117649 seconds 
========================================================================
Received Import Request.
  Time since last request: 0.040084 seconds.
  path: Assets/Ground Textures/Free Stylized Textures/Textures/Sandy_Rock_Surface_17/Sandy_Rock_Surface_17.mat
  artifactKey: Guid(d7a14fdd33ecb1e4a932c17c599120fb) Importer(815301076,1909f56bfc062723c751e8b465ee728b)
Start importing Assets/Ground Textures/Free Stylized Textures/Textures/Sandy_Rock_Surface_17/Sandy_Rock_Surface_17.mat using Guid(d7a14fdd33ecb1e4a932c17c599120fb) Importer(815301076,1909f56bfc062723c751e8b465ee728b)  -> (artifact id: '9fdcd1d80925a80d6e0e5922f7f5f6c2') in 1.233138 seconds 
========================================================================
Received Import Request.
  Time since last request: 19.398293 seconds.
  path: Assets/Ground Textures/NewLayer - Copy - Copy.terrainlayer
  artifactKey: Guid(9c4dfefb8a2a41a4e8c4639029b7f46e) Importer(815301076,1909f56bfc062723c751e8b465ee728b)
Start importing Assets/Ground Textures/NewLayer - Copy - Copy.terrainlayer using Guid(9c4dfefb8a2a41a4e8c4639029b7f46e) Importer(815301076,1909f56bfc062723c751e8b465ee728b)  -> (artifact id: '45b4b5a2ed452b4259feb45d2582259d') in 0.024675 seconds 
========================================================================
Received Import Request.
  Time since last request: 16.005682 seconds.
  path: Assets/Useful Stuff/Cartoon Heroes/Male/3D/Animation Skeleton/Animations/Male_Animation@Male_Sword_Stance.FBX
  artifactKey: Guid(8a646e73f32d5ab46be5ca7d3ebb4f3d) Importer(815301076,1909f56bfc062723c751e8b465ee728b)
Start importing Assets/Useful Stuff/Cartoon Heroes/Male/3D/Animation Skeleton/Animations/Male_Animation@Male_Sword_Stance.FBX using Guid(8a646e73f32d5ab46be5ca7d3ebb4f3d) Importer(815301076,1909f56bfc062723c751e8b465ee728b)  -> (artifact id: '5023b277861d909798ecb3d746c64f20') in 0.135915 seconds 
========================================================================
Received Import Request.
  Time since last request: 1287.661595 seconds.
  path: Assets/Useful Stuff/Assets and Props/Furniture/Meshes/SRC_Props/Ladder_01.fbx
  artifactKey: Guid(9d437e4208214630b6aa7de04ca1a2b5) Importer(815301076,1909f56bfc062723c751e8b465ee728b)
Start importing Assets/Useful Stuff/Assets and Props/Furniture/Meshes/SRC_Props/Ladder_01.fbx using Guid(9d437e4208214630b6aa7de04ca1a2b5) Importer(815301076,1909f56bfc062723c751e8b465ee728b)  -> (artifact id: '8ecfa5372dae143015aeb38b5da9c896') in 0.059715 seconds 
========================================================================
Received Import Request.
  Time since last request: 0.000025 seconds.
  path: Assets/Useful Stuff/Assets and Props/Furniture/Meshes/SRC_Props/Lantern_01.fbx
  artifactKey: Guid(ef7597e32e9b44f9baf46865b7128c8f) Importer(815301076,1909f56bfc062723c751e8b465ee728b)
Start importing Assets/Useful Stuff/Assets and Props/Furniture/Meshes/SRC_Props/Lantern_01.fbx using Guid(ef7597e32e9b44f9baf46865b7128c8f) Importer(815301076,1909f56bfc062723c751e8b465ee728b)  -> (artifact id: '128a0b75e199538c396f0721d8fceee1') in 0.025139 seconds 
========================================================================
Received Import Request.
  Time since last request: 0.071961 seconds.
  path: Assets/Useful Stuff/Cartoon Heroes/Character Prefabs/Male/Male A.prefab
  artifactKey: Guid(7e6e29f21a00d5f499e21eb93d6fabaa) Importer(815301076,1909f56bfc062723c751e8b465ee728b)
Start importing Assets/Useful Stuff/Cartoon Heroes/Character Prefabs/Male/Male A.prefab using Guid(7e6e29f21a00d5f499e21eb93d6fabaa) Importer(815301076,1909f56bfc062723c751e8b465ee728b)  -> (artifact id: '7833224a84725142a074b8233794ec0e') in 4.859079 seconds 
========================================================================
Received Import Request.
  Time since last request: 0.000029 seconds.
  path: Assets/Useful Stuff/Cartoon Heroes/Male/3D/Heads/Head_2/Male_Head_2.FBX
  artifactKey: Guid(284b2fec4918654439cf2eb3a1bb5c44) Importer(815301076,1909f56bfc062723c751e8b465ee728b)
Start importing Assets/Useful Stuff/Cartoon Heroes/Male/3D/Heads/Head_2/Male_Head_2.FBX using Guid(284b2fec4918654439cf2eb3a1bb5c44) Importer(815301076,1909f56bfc062723c751e8b465ee728b)  -> (artifact id: '9c911baf259302c40351255651ebcddc') in 0.049997 seconds 
========================================================================
Received Import Request.
  Time since last request: 0.000044 seconds.
  path: Assets/Useful Stuff/Cartoon Heroes/Male/3D/Hairs/Hair_1/Male_Hair_1.FBX
  artifactKey: Guid(f72746b6ba199774992e6eda7be20f4d) Importer(815301076,1909f56bfc062723c751e8b465ee728b)
Start importing Assets/Useful Stuff/Cartoon Heroes/Male/3D/Hairs/Hair_1/Male_Hair_1.FBX using Guid(f72746b6ba199774992e6eda7be20f4d) Importer(815301076,1909f56bfc062723c751e8b465ee728b)  -> (artifact id: '41e943c3867912f9e58fc303bfbed2e5') in 0.042517 seconds 
========================================================================
Received Import Request.
  Time since last request: 0.000029 seconds.
  path: Assets/Useful Stuff/Cartoon Heroes/Male/3D/Legs/Legs_2/Male_Legs_2.FBX
  artifactKey: Guid(a48c0a1c97d48e7419d41fe8e176ae51) Importer(815301076,1909f56bfc062723c751e8b465ee728b)
Start importing Assets/Useful Stuff/Cartoon Heroes/Male/3D/Legs/Legs_2/Male_Legs_2.FBX using Guid(a48c0a1c97d48e7419d41fe8e176ae51) Importer(815301076,1909f56bfc062723c751e8b465ee728b)  -> (artifact id: '9598550f092d1177ce915a977171ec38') in 0.044289 seconds 
========================================================================
Received Import Request.
  Time since last request: 0.000024 seconds.
  path: Assets/Useful Stuff/Cartoon Heroes/Male/3D/Animation Skeleton/Animations/Male_Animation@Male_Walk.FBX
  artifactKey: Guid(00ed1997eb74a40498b28747b3fdb59a) Importer(815301076,1909f56bfc062723c751e8b465ee728b)
Start importing Assets/Useful Stuff/Cartoon Heroes/Male/3D/Animation Skeleton/Animations/Male_Animation@Male_Walk.FBX using Guid(00ed1997eb74a40498b28747b3fdb59a) Importer(815301076,1909f56bfc062723c751e8b465ee728b)  -> (artifact id: 'f073e071827bc9903d5f0528ee2e3334') in 0.058270 seconds 
========================================================================
Received Import Request.
  Time since last request: 0.000022 seconds.
  path: Assets/Useful Stuff/Cartoon Heroes/Male/3D/Animation Skeleton/Animations/Male_Animation@Male_Jump.FBX
  artifactKey: Guid(238163f950175d845b03cb6dac0c6e60) Importer(815301076,1909f56bfc062723c751e8b465ee728b)
Start importing Assets/Useful Stuff/Cartoon Heroes/Male/3D/Animation Skeleton/Animations/Male_Animation@Male_Jump.FBX using Guid(238163f950175d845b03cb6dac0c6e60) Importer(815301076,1909f56bfc062723c751e8b465ee728b)  -> (artifact id: 'fd66761129b560507f1262ea7c6a449a') in 0.034938 seconds 
========================================================================
Received Import Request.
  Time since last request: 0.000030 seconds.
  path: Assets/Useful Stuff/Cartoon Heroes/Male/3D/Torsos/Torso_1/Male_Torso_1.FBX
  artifactKey: Guid(fba03d136e511a9438a9e19a8c96fc65) Importer(815301076,1909f56bfc062723c751e8b465ee728b)
Start importing Assets/Useful Stuff/Cartoon Heroes/Male/3D/Torsos/Torso_1/Male_Torso_1.FBX using Guid(fba03d136e511a9438a9e19a8c96fc65) Importer(815301076,1909f56bfc062723c751e8b465ee728b)  -> (artifact id: '2ab644583a9b78af02691b6f3177c03b') in 0.042861 seconds 
========================================================================
Received Import Request.
  Time since last request: 0.000036 seconds.
  path: Assets/Useful Stuff/Cartoon Heroes/Male/3D/Legs/Legs_1/Male_Legs_1.FBX
  artifactKey: Guid(d7739944e3990de4bbb0cfdc16f876fa) Importer(815301076,1909f56bfc062723c751e8b465ee728b)
Start importing Assets/Useful Stuff/Cartoon Heroes/Male/3D/Legs/Legs_1/Male_Legs_1.FBX using Guid(d7739944e3990de4bbb0cfdc16f876fa) Importer(815301076,1909f56bfc062723c751e8b465ee728b)  -> (artifact id: '104de6a9e85da28a252549ca199c72cd') in 0.045408 seconds 
========================================================================
Received Import Request.
  Time since last request: 0.000024 seconds.
  path: Assets/Useful Stuff/Cartoon Heroes/Male/3D/Torsos/Base Torso/Male_Base_Torso.FBX
  artifactKey: Guid(0785e19d7558bf542ac3ec73faaf7709) Importer(815301076,1909f56bfc062723c751e8b465ee728b)
Start importing Assets/Useful Stuff/Cartoon Heroes/Male/3D/Torsos/Base Torso/Male_Base_Torso.FBX using Guid(0785e19d7558bf542ac3ec73faaf7709) Importer(815301076,1909f56bfc062723c751e8b465ee728b)  -> (artifact id: 'b8c0ae9a0386fb0f90b50333243c170a') in 0.154708 seconds 
========================================================================
Received Import Request.
  Time since last request: 0.000028 seconds.
  path: Assets/Useful Stuff/Cartoon Heroes/Male/3D/Heads/Head_1/Male_Head_1.FBX
  artifactKey: Guid(3ed30173e52bad9469c5720c7646c3de) Importer(815301076,1909f56bfc062723c751e8b465ee728b)
Start importing Assets/Useful Stuff/Cartoon Heroes/Male/3D/Heads/Head_1/Male_Head_1.FBX using Guid(3ed30173e52bad9469c5720c7646c3de) Importer(815301076,1909f56bfc062723c751e8b465ee728b)  -> (artifact id: 'd7b15c788afeecb4eb284230734371c7') in 0.185207 seconds 
========================================================================
Received Import Request.
  Time since last request: 0.000039 seconds.
  path: Assets/Useful Stuff/Cartoon Heroes/Male/3D/Animation Skeleton/Animations/Male_Animation@Male_Sword_Roll.FBX
  artifactKey: Guid(512db7c09f1ecd24aa783375a03e5964) Importer(815301076,1909f56bfc062723c751e8b465ee728b)
Start importing Assets/Useful Stuff/Cartoon Heroes/Male/3D/Animation Skeleton/Animations/Male_Animation@Male_Sword_Roll.FBX using Guid(512db7c09f1ecd24aa783375a03e5964) Importer(815301076,1909f56bfc062723c751e8b465ee728b)  -> (artifact id: '3a6446064402e10a5298bd309f208404') in 0.088279 seconds 
========================================================================
Received Import Request.
  Time since last request: 0.000025 seconds.
  path: Assets/Useful Stuff/Cartoon Heroes/Male/3D/Animation Skeleton/Animations/Male_Animation@Male_Roll.FBX
  artifactKey: Guid(68d04a7b9dcc0fd4b877df82f02d1d61) Importer(815301076,1909f56bfc062723c751e8b465ee728b)
Start importing Assets/Useful Stuff/Cartoon Heroes/Male/3D/Animation Skeleton/Animations/Male_Animation@Male_Roll.FBX using Guid(68d04a7b9dcc0fd4b877df82f02d1d61) Importer(815301076,1909f56bfc062723c751e8b465ee728b)  -> (artifact id: '38a82acd70befb48ae258cf75026aa42') in 0.094069 seconds 
========================================================================
Received Import Request.
  Time since last request: 0.000024 seconds.
  path: Assets/Useful Stuff/Cartoon Heroes/Male/3D/Animation Skeleton/Animations/Male_Animation@Male_Damage.FBX
  artifactKey: Guid(1b31cb902429704429a2c2584363dd59) Importer(815301076,1909f56bfc062723c751e8b465ee728b)
Start importing Assets/Useful Stuff/Cartoon Heroes/Male/3D/Animation Skeleton/Animations/Male_Animation@Male_Damage.FBX using Guid(1b31cb902429704429a2c2584363dd59) Importer(815301076,1909f56bfc062723c751e8b465ee728b)  -> (artifact id: '6e3696044c10e9f9a7a184d864be04eb') in 0.190169 seconds 
========================================================================
Received Import Request.
  Time since last request: 0.000032 seconds.
  path: Assets/Useful Stuff/Cartoon Heroes/Male/3D/Animation Skeleton/Animations/Male_Animation@Male_Sword_Sprint.FBX
  artifactKey: Guid(92e13e67a26415646a752312d3ac0230) Importer(815301076,1909f56bfc062723c751e8b465ee728b)
Start importing Assets/Useful Stuff/Cartoon Heroes/Male/3D/Animation Skeleton/Animations/Male_Animation@Male_Sword_Sprint.FBX using Guid(92e13e67a26415646a752312d3ac0230) Importer(815301076,1909f56bfc062723c751e8b465ee728b)  -> (artifact id: 'a38f382091fc8158c70dc5b6381656a4') in 0.121811 seconds 
========================================================================
Received Import Request.
  Time since last request: 0.000027 seconds.
  path: Assets/Useful Stuff/Cartoon Heroes/Male/3D/Animation Skeleton/Animations/Male_Animation@Male_Sword_Walk.FBX
  artifactKey: Guid(0f5f811a33031524680b227a45dc9848) Importer(815301076,1909f56bfc062723c751e8b465ee728b)
Start importing Assets/Useful Stuff/Cartoon Heroes/Male/3D/Animation Skeleton/Animations/Male_Animation@Male_Sword_Walk.FBX using Guid(0f5f811a33031524680b227a45dc9848) Importer(815301076,1909f56bfc062723c751e8b465ee728b)  -> (artifact id: '1bf8dbf953fec4b8631dbbe60bb3d0d6') in 0.211906 seconds 
========================================================================
Received Import Request.
  Time since last request: 0.000042 seconds.
  path: Assets/Useful Stuff/Cartoon Heroes/Male/3D/Animation Skeleton/Animations/Male_Animation@Male_Sprint.FBX
  artifactKey: Guid(7e9d3ca0c95bb8749ab91f3a407bea2d) Importer(815301076,1909f56bfc062723c751e8b465ee728b)
Start importing Assets/Useful Stuff/Cartoon Heroes/Male/3D/Animation Skeleton/Animations/Male_Animation@Male_Sprint.FBX using Guid(7e9d3ca0c95bb8749ab91f3a407bea2d) Importer(815301076,1909f56bfc062723c751e8b465ee728b)  -> (artifact id: '1d15d1b8a0908ae20fbac91bbb51d8aa') in 0.600930 seconds 
========================================================================
Received Import Request.
  Time since last request: 0.000029 seconds.
  path: Assets/Useful Stuff/Cartoon Heroes/Male/3D/Legs/Base Legs/Male_Base_Legs.FBX
  artifactKey: Guid(17e8ecbc4e6bcea40878ead9b50712be) Importer(815301076,1909f56bfc062723c751e8b465ee728b)
Start importing Assets/Useful Stuff/Cartoon Heroes/Male/3D/Legs/Base Legs/Male_Base_Legs.FBX using Guid(17e8ecbc4e6bcea40878ead9b50712be) Importer(815301076,1909f56bfc062723c751e8b465ee728b)  -> (artifact id: 'a8901c1254d8c46b4d4b368e022a6210') in 0.132690 seconds 
========================================================================
Received Import Request.
  Time since last request: 2.433518 seconds.
  path: Assets/Useful Stuff/Cartoon Heroes/Male/3D/Torsos/Torso_2/Male_Torso_2.FBX
  artifactKey: Guid(a54c56bf4e395ac4c940603b7b12ee75) Importer(815301076,1909f56bfc062723c751e8b465ee728b)
Start importing Assets/Useful Stuff/Cartoon Heroes/Male/3D/Torsos/Torso_2/Male_Torso_2.FBX using Guid(a54c56bf4e395ac4c940603b7b12ee75) Importer(815301076,1909f56bfc062723c751e8b465ee728b)  -> (artifact id: '8e9ffd99f643d158462f387edaa57fc0') in 0.075161 seconds 
========================================================================
Received Import Request.
  Time since last request: 1.168558 seconds.
  path: Assets/Useful Stuff/Assets and Props/Furniture/Meshes/SRC_Props/Paper_01.fbx
  artifactKey: Guid(75fdcec7590241c0b8c7d2bcc679356d) Importer(815301076,1909f56bfc062723c751e8b465ee728b)
Start importing Assets/Useful Stuff/Assets and Props/Furniture/Meshes/SRC_Props/Paper_01.fbx using Guid(75fdcec7590241c0b8c7d2bcc679356d) Importer(815301076,1909f56bfc062723c751e8b465ee728b)  -> (artifact id: '4e6f4b17604f3e7ec5357d5897a045d0') in 0.117867 seconds 
========================================================================
Received Import Request.
  Time since last request: 0.000027 seconds.
  path: Assets/Useful Stuff/Assets and Props/Furniture/Meshes/SRC_Props/Paper_04.fbx
  artifactKey: Guid(a9774b764aa24b3e8db2df039a7c172c) Importer(815301076,1909f56bfc062723c751e8b465ee728b)
Start importing Assets/Useful Stuff/Assets and Props/Furniture/Meshes/SRC_Props/Paper_04.fbx using Guid(a9774b764aa24b3e8db2df039a7c172c) Importer(815301076,1909f56bfc062723c751e8b465ee728b)  -> (artifact id: 'bf21e6b3ac24c2b67dee0d0ba91a4a1b') in 0.027336 seconds 
========================================================================
Received Import Request.
  Time since last request: 0.016742 seconds.
  path: Assets/Prefabs/Skull Platform/_source/Meshes/Platform_Skull_01.FBX
  artifactKey: Guid(d4036a5788ac80b44917c4cb51c45ea6) Importer(815301076,1909f56bfc062723c751e8b465ee728b)
Start importing Assets/Prefabs/Skull Platform/_source/Meshes/Platform_Skull_01.FBX using Guid(d4036a5788ac80b44917c4cb51c45ea6) Importer(815301076,1909f56bfc062723c751e8b465ee728b)  -> (artifact id: '656f1f5724ce5fa4628af1bda721ca54') in 0.103212 seconds 
========================================================================
Received Import Request.
  Time since last request: 0.416731 seconds.
  path: Assets/Prefabs/Skull Platform/_source/Meshes/Platform_Skull_02.FBX
  artifactKey: Guid(5e278cf043d54f146ad885a4971b0686) Importer(815301076,1909f56bfc062723c751e8b465ee728b)
Start importing Assets/Prefabs/Skull Platform/_source/Meshes/Platform_Skull_02.FBX using Guid(5e278cf043d54f146ad885a4971b0686) Importer(815301076,1909f56bfc062723c751e8b465ee728b)  -> (artifact id: '5983eaeb7502675327867c2576a334cc') in 0.137787 seconds 
========================================================================
Received Import Request.
  Time since last request: 0.000030 seconds.
  path: Assets/Prefabs/Skull Platform/_source/Meshes/Platform_Skull_04.FBX
  artifactKey: Guid(f8f520e0873f1bd4099c3c88842ee45e) Importer(815301076,1909f56bfc062723c751e8b465ee728b)
Start importing Assets/Prefabs/Skull Platform/_source/Meshes/Platform_Skull_04.FBX using Guid(f8f520e0873f1bd4099c3c88842ee45e) Importer(815301076,1909f56bfc062723c751e8b465ee728b)  -> (artifact id: '894b6ca6d2e5c9671c11d7314f5c617c') in 0.091641 seconds 
========================================================================
Received Import Request.
  Time since last request: 8.881883 seconds.
  path: Assets/Useful Stuff/Pure Poly/Free Low Poly Nature Pack/Meshes/PP_Daffodil_03.fbx
  artifactKey: Guid(4e40842238bcca046a7c50ffff32b019) Importer(815301076,1909f56bfc062723c751e8b465ee728b)
Start importing Assets/Useful Stuff/Pure Poly/Free Low Poly Nature Pack/Meshes/PP_Daffodil_03.fbx using Guid(4e40842238bcca046a7c50ffff32b019) Importer(815301076,1909f56bfc062723c751e8b465ee728b)  -> (artifact id: '699090351ac0b7489b989db77213a14d') in 0.055634 seconds 
========================================================================
Received Import Request.
  Time since last request: 0.000030 seconds.
  path: Assets/Useful Stuff/Pure Poly/Free Low Poly Nature Pack/Meshes/PP_Lake_Ground_04.fbx
  artifactKey: Guid(38b178f6a1ea19f4baf761918779b712) Importer(815301076,1909f56bfc062723c751e8b465ee728b)
Start importing Assets/Useful Stuff/Pure Poly/Free Low Poly Nature Pack/Meshes/PP_Lake_Ground_04.fbx using Guid(38b178f6a1ea19f4baf761918779b712) Importer(815301076,1909f56bfc062723c751e8b465ee728b)  -> (artifact id: '20343881555a7d86f87f1f3eb47e6408') in 0.147701 seconds 
========================================================================
Received Import Request.
  Time since last request: 11.197040 seconds.
  path: Assets/Useful Stuff/Pure Poly/Free Low Poly Nature Pack/Meshes/PP_Sunflower_04.fbx
  artifactKey: Guid(5374e258aa8b0a54b9ad017e47f849ec) Importer(815301076,1909f56bfc062723c751e8b465ee728b)
Start importing Assets/Useful Stuff/Pure Poly/Free Low Poly Nature Pack/Meshes/PP_Sunflower_04.fbx using Guid(5374e258aa8b0a54b9ad017e47f849ec) Importer(815301076,1909f56bfc062723c751e8b465ee728b)  -> (artifact id: 'cca22ed4c9f8ab18e952346b84c7c377') in 0.053562 seconds 
========================================================================
Received Import Request.
  Time since last request: 1.399511 seconds.
  path: Assets/Useful Stuff/Assets and Props/Carpet Asset/Free Rug Pack/Mesh/Rug.fbx
  artifactKey: Guid(218f82d5989bc2a41875ffbf40e9f3f6) Importer(815301076,1909f56bfc062723c751e8b465ee728b)
Start importing Assets/Useful Stuff/Assets and Props/Carpet Asset/Free Rug Pack/Mesh/Rug.fbx using Guid(218f82d5989bc2a41875ffbf40e9f3f6) Importer(815301076,1909f56bfc062723c751e8b465ee728b)  -> (artifact id: 'd395a8b1c3df968b97e3ee778e46c419') in 0.123828 seconds 
========================================================================
Received Import Request.
  Time since last request: 0.013855 seconds.
  path: Assets/Useful Stuff/Assets and Props/Furniture/Meshes/SRC_Props/Sandglass_01.fbx
  artifactKey: Guid(43bea4d44b8b431b97e6eb8785adf1c1) Importer(815301076,1909f56bfc062723c751e8b465ee728b)
Start importing Assets/Useful Stuff/Assets and Props/Furniture/Meshes/SRC_Props/Sandglass_01.fbx using Guid(43bea4d44b8b431b97e6eb8785adf1c1) Importer(815301076,1909f56bfc062723c751e8b465ee728b)  -> (artifact id: 'eff7e4ebaa38568e9c5b7cae3fb79a46') in 0.025838 seconds 
========================================================================
Received Import Request.
  Time since last request: 0.009761 seconds.
  path: Assets/Useful Stuff/Assets and Props/Furniture/Meshes/SRC_Props/Scroll_01.fbx
  artifactKey: Guid(cefbb95f4617418798e0b828cfb0593e) Importer(815301076,1909f56bfc062723c751e8b465ee728b)
Start importing Assets/Useful Stuff/Assets and Props/Furniture/Meshes/SRC_Props/Scroll_01.fbx using Guid(cefbb95f4617418798e0b828cfb0593e) Importer(815301076,1909f56bfc062723c751e8b465ee728b)  -> (artifact id: '5fceda43cbf46a425c5ab98d23a457f8') in 0.066160 seconds 
========================================================================
Received Import Request.
  Time since last request: 0.009053 seconds.
  path: Assets/Useful Stuff/Piloto Studio/Campfire And Torches Pack/Models/SM_campfire_001.fbx
  artifactKey: Guid(7bdf6515110869142b46bac661edc2c4) Importer(815301076,1909f56bfc062723c751e8b465ee728b)
Start importing Assets/Useful Stuff/Piloto Studio/Campfire And Torches Pack/Models/SM_campfire_001.fbx using Guid(7bdf6515110869142b46bac661edc2c4) Importer(815301076,1909f56bfc062723c751e8b465ee728b)  -> (artifact id: '3fc5a0ef1b345552bc790402d329d630') in 0.088464 seconds 
========================================================================
Received Import Request.
  Time since last request: 0.063010 seconds.
  path: Assets/Useful Stuff/Piloto Studio/Campfire And Torches Pack/Models/SM_campfire_003.fbx
  artifactKey: Guid(38dc3b2e079656446a51ea54f4de51b7) Importer(815301076,1909f56bfc062723c751e8b465ee728b)
Start importing Assets/Useful Stuff/Piloto Studio/Campfire And Torches Pack/Models/SM_campfire_003.fbx using Guid(38dc3b2e079656446a51ea54f4de51b7) Importer(815301076,1909f56bfc062723c751e8b465ee728b)  -> (artifact id: '35c82a6d9f2d6dd27c3d37717a03f969') in 0.070660 seconds 
========================================================================
Received Import Request.
  Time since last request: 0.028051 seconds.
  path: Assets/Useful Stuff/Piloto Studio/Campfire And Torches Pack/Models/SM_campfire_004.fbx
  artifactKey: Guid(4dc327039016fdf4bb6ee7a16c177a99) Importer(815301076,1909f56bfc062723c751e8b465ee728b)
Start importing Assets/Useful Stuff/Piloto Studio/Campfire And Torches Pack/Models/SM_campfire_004.fbx using Guid(4dc327039016fdf4bb6ee7a16c177a99) Importer(815301076,1909f56bfc062723c751e8b465ee728b)  -> (artifact id: '0ee7003f2564e71da9103d3a8995fbe2') in 0.078949 seconds 
========================================================================
Received Import Request.
  Time since last request: 0.014202 seconds.
  path: Assets/Useful Stuff/Piloto Studio/Campfire And Torches Pack/Models/SM_campfire_005.fbx
  artifactKey: Guid(e35355cd5aa55cd488de684fe3b512d6) Importer(815301076,1909f56bfc062723c751e8b465ee728b)
Start importing Assets/Useful Stuff/Piloto Studio/Campfire And Torches Pack/Models/SM_campfire_005.fbx using Guid(e35355cd5aa55cd488de684fe3b512d6) Importer(815301076,1909f56bfc062723c751e8b465ee728b)  -> (artifact id: '7cbda2a51c279989f57c61eeef4ba05e') in 0.018515 seconds 
========================================================================
Received Import Request.
  Time since last request: 0.030522 seconds.
  path: Assets/Useful Stuff/Piloto Studio/Campfire And Torches Pack/Models/SM_irontorch_002.fbx
  artifactKey: Guid(c141fd4f46f7ad644bdf8bb93604866d) Importer(815301076,1909f56bfc062723c751e8b465ee728b)
Start importing Assets/Useful Stuff/Piloto Studio/Campfire And Torches Pack/Models/SM_irontorch_002.fbx using Guid(c141fd4f46f7ad644bdf8bb93604866d) Importer(815301076,1909f56bfc062723c751e8b465ee728b)  -> (artifact id: '4ec4a2224491aadad56ddb71cbedd958') in 0.046353 seconds 
========================================================================
Received Import Request.
  Time since last request: 0.003951 seconds.
  path: Assets/Useful Stuff/Piloto Studio/Campfire And Torches Pack/Models/SM_irontorch_003.fbx
  artifactKey: Guid(4ace2cb9344d8ac4d92e9e0a3e189e68) Importer(815301076,1909f56bfc062723c751e8b465ee728b)
Start importing Assets/Useful Stuff/Piloto Studio/Campfire And Torches Pack/Models/SM_irontorch_003.fbx using Guid(4ace2cb9344d8ac4d92e9e0a3e189e68) Importer(815301076,1909f56bfc062723c751e8b465ee728b)  -> (artifact id: 'b482dd194c8197910475a0b2d49c0306') in 0.076408 seconds 
========================================================================
Received Import Request.
  Time since last request: 0.014923 seconds.
  path: Assets/Useful Stuff/Piloto Studio/Campfire And Torches Pack/Models/SM_planks_001.fbx
  artifactKey: Guid(76b04e716f2c6dc4780b82290928f565) Importer(815301076,1909f56bfc062723c751e8b465ee728b)
Start importing Assets/Useful Stuff/Piloto Studio/Campfire And Torches Pack/Models/SM_planks_001.fbx using Guid(76b04e716f2c6dc4780b82290928f565) Importer(815301076,1909f56bfc062723c751e8b465ee728b)  -> (artifact id: '13d5281da0c97a7c1ad6e3cf074030cc') in 0.021756 seconds 
========================================================================
Received Import Request.
  Time since last request: 0.099357 seconds.
  path: Assets/Useful Stuff/Piloto Studio/Campfire And Torches Pack/Models/SM_props_candle_01.fbx
  artifactKey: Guid(51dfcfdfb5d86bd4ea332215afee71ec) Importer(815301076,1909f56bfc062723c751e8b465ee728b)
Start importing Assets/Useful Stuff/Piloto Studio/Campfire And Torches Pack/Models/SM_props_candle_01.fbx using Guid(51dfcfdfb5d86bd4ea332215afee71ec) Importer(815301076,1909f56bfc062723c751e8b465ee728b)  -> (artifact id: '2a1b6739006916f9074485ba5161a0c7') in 0.091454 seconds 
========================================================================
Received Import Request.
  Time since last request: 0.043375 seconds.
  path: Assets/Useful Stuff/Piloto Studio/Campfire And Torches Pack/Models/SM_torch_001.fbx
  artifactKey: Guid(6d4f2c8a144ef1a468956e71f1c13915) Importer(815301076,1909f56bfc062723c751e8b465ee728b)
Start importing Assets/Useful Stuff/Piloto Studio/Campfire And Torches Pack/Models/SM_torch_001.fbx using Guid(6d4f2c8a144ef1a468956e71f1c13915) Importer(815301076,1909f56bfc062723c751e8b465ee728b)  -> (artifact id: 'f6381a324cc7fe65b23255f477daa5ce') in 0.085125 seconds 
========================================================================
Received Import Request.
  Time since last request: 0.010446 seconds.
  path: Assets/Useful Stuff/Piloto Studio/Campfire And Torches Pack/Models/SM_torch_002.fbx
  artifactKey: Guid(28c4751ae6a332a438b94e30eaa1ecb6) Importer(815301076,1909f56bfc062723c751e8b465ee728b)
Start importing Assets/Useful Stuff/Piloto Studio/Campfire And Torches Pack/Models/SM_torch_002.fbx using Guid(28c4751ae6a332a438b94e30eaa1ecb6) Importer(815301076,1909f56bfc062723c751e8b465ee728b)  -> (artifact id: '36d6a6f8f1c044af017640873b318f84') in 0.037679 seconds 
========================================================================
Received Import Request.
  Time since last request: 0.014234 seconds.
  path: Assets/Useful Stuff/Piloto Studio/Campfire And Torches Pack/Models/SM_torch_003.fbx
  artifactKey: Guid(d304df27d965ec941bffd02ff03a4d69) Importer(815301076,1909f56bfc062723c751e8b465ee728b)
Start importing Assets/Useful Stuff/Piloto Studio/Campfire And Torches Pack/Models/SM_torch_003.fbx using Guid(d304df27d965ec941bffd02ff03a4d69) Importer(815301076,1909f56bfc062723c751e8b465ee728b)  -> (artifact id: 'c07e8dfee09a4cff75aaa6a4b33ebf5f') in 0.067033 seconds 
========================================================================
Received Import Request.
  Time since last request: 0.177797 seconds.
  path: Assets/Useful Stuff/Cartoon Heroes/Weapons/Sword_1/3D/Sword_1.FBX
  artifactKey: Guid(ffa463f78df756248bd71544ae012994) Importer(815301076,1909f56bfc062723c751e8b465ee728b)
Start importing Assets/Useful Stuff/Cartoon Heroes/Weapons/Sword_1/3D/Sword_1.FBX using Guid(ffa463f78df756248bd71544ae012994) Importer(815301076,1909f56bfc062723c751e8b465ee728b)  -> (artifact id: '0e15701d01d1edbf9ec318a3852888ed') in 0.405748 seconds 
========================================================================
Received Import Request.
  Time since last request: 0.000027 seconds.
  path: Assets/Useful Stuff/Assets and Props/Furniture/Meshes/SRC_Props/Table_Wooden_01.fbx
  artifactKey: Guid(ada0db215e8e4059bfcac668517266ba) Importer(815301076,1909f56bfc062723c751e8b465ee728b)
Start importing Assets/Useful Stuff/Assets and Props/Furniture/Meshes/SRC_Props/Table_Wooden_01.fbx using Guid(ada0db215e8e4059bfcac668517266ba) Importer(815301076,1909f56bfc062723c751e8b465ee728b)  -> (artifact id: '32349399162118ec4035064bbdf1a201') in 0.273883 seconds 
========================================================================
Received Import Request.
  Time since last request: 0.000029 seconds.
  path: Assets/Useful Stuff/Cartoon Heroes/Weapons/Sword_3/3D/Sword_3.FBX
  artifactKey: Guid(1e896d25e837a2c419844a06e967bbc1) Importer(815301076,1909f56bfc062723c751e8b465ee728b)
Start importing Assets/Useful Stuff/Cartoon Heroes/Weapons/Sword_3/3D/Sword_3.FBX using Guid(1e896d25e837a2c419844a06e967bbc1) Importer(815301076,1909f56bfc062723c751e8b465ee728b)  -> (artifact id: 'b3d0f8cffe4dde4ccdd764fe4231fd77') in 0.336543 seconds 
========================================================================
Received Import Request.
  Time since last request: 0.000028 seconds.
  path: Assets/Useful Stuff/Cartoon Heroes/Weapons/Sword_3/3D/Sword_3_Short.FBX
  artifactKey: Guid(da3980952f463b448b0d5c4aae46f1a4) Importer(815301076,1909f56bfc062723c751e8b465ee728b)
Start importing Assets/Useful Stuff/Cartoon Heroes/Weapons/Sword_3/3D/Sword_3_Short.FBX using Guid(da3980952f463b448b0d5c4aae46f1a4) Importer(815301076,1909f56bfc062723c751e8b465ee728b)  -> (artifact id: '789b5f595d24fa24f95f97f509371fec') in 0.460820 seconds 
========================================================================
Received Import Request.
  Time since last request: 0.000046 seconds.
  path: Assets/Useful Stuff/Assets and Props/Furniture/Meshes/SRC_Props/Table_Preset_05.fbx
  artifactKey: Guid(818a0a84d6fd4173823840d2dcc2a6dc) Importer(815301076,1909f56bfc062723c751e8b465ee728b)
Start importing Assets/Useful Stuff/Assets and Props/Furniture/Meshes/SRC_Props/Table_Preset_05.fbx using Guid(818a0a84d6fd4173823840d2dcc2a6dc) Importer(815301076,1909f56bfc062723c751e8b465ee728b)  -> (artifact id: '282411962637187f1fd1e551be47c35b') in 0.220691 seconds 
========================================================================
Received Import Request.
  Time since last request: 0.000029 seconds.
  path: Assets/Useful Stuff/Assets and Props/Furniture/Meshes/SRC_Props/Table_Preset_07.fbx
  artifactKey: Guid(fd728bbc242e45e99aabcc815d4c3685) Importer(815301076,1909f56bfc062723c751e8b465ee728b)
Start importing Assets/Useful Stuff/Assets and Props/Furniture/Meshes/SRC_Props/Table_Preset_07.fbx using Guid(fd728bbc242e45e99aabcc815d4c3685) Importer(815301076,1909f56bfc062723c751e8b465ee728b)  -> (artifact id: 'ccfed01cde31cde94576f6262c28b681') in 0.119840 seconds 
========================================================================
Received Import Request.
  Time since last request: 0.000037 seconds.
  path: Assets/Useful Stuff/Cartoon Heroes/Weapons/Sword_4/3D/Sword_4.FBX
  artifactKey: Guid(daf4cb1cdf7a5164787c39b820a85b93) Importer(815301076,1909f56bfc062723c751e8b465ee728b)
Start importing Assets/Useful Stuff/Cartoon Heroes/Weapons/Sword_4/3D/Sword_4.FBX using Guid(daf4cb1cdf7a5164787c39b820a85b93) Importer(815301076,1909f56bfc062723c751e8b465ee728b)  -> (artifact id: '53f113084f85b964289ad2979ff614ee') in 0.248078 seconds 
========================================================================
Received Import Request.
  Time since last request: 0.000028 seconds.
  path: Assets/Useful Stuff/Cartoon Heroes/Weapons/Sword_2/3D/Sword_2_Long.FBX
  artifactKey: Guid(33d713fc22667954ba9af3f9422003f2) Importer(815301076,1909f56bfc062723c751e8b465ee728b)
Start importing Assets/Useful Stuff/Cartoon Heroes/Weapons/Sword_2/3D/Sword_2_Long.FBX using Guid(33d713fc22667954ba9af3f9422003f2) Importer(815301076,1909f56bfc062723c751e8b465ee728b)  -> (artifact id: 'a47923e0e43663b65d0d0f3eea89931a') in 0.529119 seconds 
Editor requested this worker to shutdown with reason: Scaling down because of idle timeout
AssetImportWorker is now disconnected from the server
Process exiting
Exiting without the bug reporter. Application will terminate with return code 0