Unity Editor version:    2021.3.25f1 (68ef2c4f8861)
Branch:                  2021.3/staging
Build type:              Release
Batch mode:              YES
macOS version:           Version 14.0 (Build 23A339)
Darwin version:          23.0.0
Architecture:            arm64
Running under Rosetta:   NO
Available memory:        8192 MB
Using pre-set license
Pro License: YES

COMMAND LINE ARGUMENTS:
/Applications/Unity/Hub/Editor/2021.3.25f1/Unity.app/Contents/MacOS/Unity
-adb2
-batchMode
-noUpm
-name
AssetImportWorker4
-projectPath
/Users/teotataris/Documents/GitHub/My_RPG
-logFile
Logs/AssetImportWorker4.log
-srvPort
51998
Successfully changed project path to: /Users/teotataris/Documents/GitHub/My_RPG
/Users/teotataris/Documents/GitHub/My_RPG
[UnityMemory] Configuration Parameters - Can be set up in boot.config
    "memorysetup-bucket-allocator-granularity=16"
    "memorysetup-bucket-allocator-bucket-count=8"
    "memorysetup-bucket-allocator-block-size=33554432"
    "memorysetup-bucket-allocator-block-count=8"
    "memorysetup-main-allocator-block-size=16777216"
    "memorysetup-thread-allocator-block-size=16777216"
    "memorysetup-gfx-main-allocator-block-size=16777216"
    "memorysetup-gfx-thread-allocator-block-size=16777216"
    "memorysetup-cache-allocator-block-size=4194304"
    "memorysetup-typetree-allocator-block-size=2097152"
    "memorysetup-profiler-bucket-allocator-granularity=16"
    "memorysetup-profiler-bucket-allocator-bucket-count=8"
    "memorysetup-profiler-bucket-allocator-block-size=33554432"
    "memorysetup-profiler-bucket-allocator-block-count=8"
    "memorysetup-profiler-allocator-block-size=16777216"
    "memorysetup-profiler-editor-allocator-block-size=1048576"
    "memorysetup-temp-allocator-size-main=16777216"
    "memorysetup-job-temp-allocator-block-size=2097152"
    "memorysetup-job-temp-allocator-block-size-background=1048576"
    "memorysetup-job-temp-allocator-reduction-small-platforms=262144"
    "memorysetup-temp-allocator-size-background-worker=32768"
    "memorysetup-temp-allocator-size-job-worker=262144"
    "memorysetup-temp-allocator-size-preload-manager=33554432"
    "memorysetup-temp-allocator-size-nav-mesh-worker=65536"
    "memorysetup-temp-allocator-size-audio-worker=65536"
    "memorysetup-temp-allocator-size-cloud-worker=32768"
    "memorysetup-temp-allocator-size-gi-baking-worker=262144"
    "memorysetup-temp-allocator-size-gfx=262144"
Player connection [8121488128] Host "[IP] 10.4.22.12 [Port] 0 [Flags] 2 [Guid] 2565411449 [EditorId] 2565411449 [Version] 1048832 [Id] OSXEditor(0,MacBook-Air-Teo.local) [Debug] 1 [PackageName] OSXEditor [ProjectName] Editor" joined multi-casting on [225.0.0.222:54997]...

Player connection [8121488128] Host "[IP] 10.4.22.12 [Port] 0 [Flags] 2 [Guid] 2565411449 [EditorId] 2565411449 [Version] 1048832 [Id] OSXEditor(0,MacBook-Air-Teo.local) [Debug] 1 [PackageName] OSXEditor [ProjectName] Editor" joined alternative multi-casting on [225.0.0.222:34997]...

Refreshing native plugins compatible for Editor in 188.80 ms, found 3 plugins.
Preloading 0 native plugins for Editor in 0.00 ms.
Initialize engine version: 2021.3.25f1 (68ef2c4f8861)
[Subsystems] Discovering subsystems at path /Applications/Unity/Hub/Editor/2021.3.25f1/Unity.app/Contents/Resources/UnitySubsystems
[Subsystems] Discovering subsystems at path /Users/teotataris/Documents/GitHub/My_RPG/Assets
GfxDevice: creating device client; threaded=0; jobified=0
 preferred device: Apple M1 (high power)
Metal devices available: 1
0: Apple M1 (high power)
Using device Apple M1 (high power)
Initializing Metal device caps: Apple M1
Initialize mono
Mono path[0] = '/Applications/Unity/Hub/Editor/2021.3.25f1/Unity.app/Contents/Managed'
Mono path[1] = '/Applications/Unity/Hub/Editor/2021.3.25f1/Unity.app/Contents/MonoBleedingEdge/lib/mono/unityjit-macos'
Mono config path = '/Applications/Unity/Hub/Editor/2021.3.25f1/Unity.app/Contents/MonoBleedingEdge/etc'
Using monoOptions --debugger-agent=transport=dt_socket,embedding=1,server=y,suspend=n,address=127.0.0.1:56507
Begin MonoManager ReloadAssembly
Registering precompiled unity dll's ...
Register platform support module: /Applications/Unity/Hub/Editor/2021.3.25f1/Unity.app/Contents/PlaybackEngines/MacStandaloneSupport/UnityEditor.OSXStandalone.Extensions.dll
Registered in 0.001056 seconds.
Native extension for OSXStandalone target not found
Refreshing native plugins compatible for Editor in 138.74 ms, found 3 plugins.
Preloading 0 native plugins for Editor in 0.00 ms.
Mono: successfully reloaded assembly
- Completed reload, in  0.591 seconds
Domain Reload Profiling:
	ReloadAssembly (591ms)
		BeginReloadAssembly (101ms)
			ExecutionOrderSort (0ms)
			DisableScriptedObjects (0ms)
			BackupInstance (0ms)
			ReleaseScriptingObjects (0ms)
			CreateAndSetChildDomain (1ms)
		EndReloadAssembly (424ms)
			LoadAssemblies (101ms)
			RebuildTransferFunctionScriptingTraits (1ms)
			SetupTypeCache (93ms)
			ReleaseScriptCaches (0ms)
			RebuildScriptCaches (25ms)
			SetupLoadedEditorAssemblies (273ms)
				LogAssemblyErrors (0ms)
				InitializePlatformSupportModulesInManaged (4ms)
				SetLoadedEditorAssemblies (0ms)
				RefreshPlugins (139ms)
				BeforeProcessingInitializeOnLoad (1ms)
				ProcessInitializeOnLoadAttributes (94ms)
				ProcessInitializeOnLoadMethodAttributes (35ms)
				AfterProcessingInitializeOnLoad (0ms)
				EditorAssembliesLoaded (0ms)
			ExecutionOrderSort2 (0ms)
			AwakeInstancesAfterBackupRestoration (0ms)
Platform modules already initialized, skipping
Registering precompiled user dll's ...
Registered in 0.006786 seconds.
Begin MonoManager ReloadAssembly
Symbol file LoadedFromMemory doesn't match image /Users/teotataris/Documents/GitHub/My_RPG/Library/PackageCache/com.unity.visualscripting@1.8.0/Editor/VisualScripting.Core/Dependencies/YamlDotNet/Unity.VisualScripting.YamlDotNet.dll
Symbol file LoadedFromMemory doesn't match image /Users/teotataris/Documents/GitHub/My_RPG/Library/PackageCache/com.unity.visualscripting@1.8.0/Editor/VisualScripting.Core/Dependencies/DotNetZip/Unity.VisualScripting.IonicZip.dll
Native extension for OSXStandalone target not found
Refreshing native plugins compatible for Editor in 157.39 ms, found 3 plugins.
Preloading 0 native plugins for Editor in 0.00 ms.
Mono: successfully reloaded assembly
- Completed reload, in  1.496 seconds
Domain Reload Profiling:
	ReloadAssembly (1497ms)
		BeginReloadAssembly (109ms)
			ExecutionOrderSort (0ms)
			DisableScriptedObjects (4ms)
			BackupInstance (0ms)
			ReleaseScriptingObjects (0ms)
			CreateAndSetChildDomain (21ms)
		EndReloadAssembly (1305ms)
			LoadAssemblies (111ms)
			RebuildTransferFunctionScriptingTraits (0ms)
			SetupTypeCache (288ms)
			ReleaseScriptCaches (1ms)
			RebuildScriptCaches (69ms)
			SetupLoadedEditorAssemblies (822ms)
				LogAssemblyErrors (0ms)
				InitializePlatformSupportModulesInManaged (2ms)
				SetLoadedEditorAssemblies (0ms)
				RefreshPlugins (157ms)
				BeforeProcessingInitializeOnLoad (97ms)
				ProcessInitializeOnLoadAttributes (525ms)
				ProcessInitializeOnLoadMethodAttributes (41ms)
				AfterProcessingInitializeOnLoad (1ms)
				EditorAssembliesLoaded (0ms)
			ExecutionOrderSort2 (0ms)
			AwakeInstancesAfterBackupRestoration (3ms)
Platform modules already initialized, skipping
========================================================================
Worker process is ready to serve import requests
Launching external process: /Applications/Unity/Hub/Editor/2021.3.25f1/Unity.app/Contents/Tools/UnityShaderCompiler
Launched and connected shader compiler UnityShaderCompiler after 0.27 seconds
Refreshing native plugins compatible for Editor in 1.63 ms, found 3 plugins.
Preloading 0 native plugins for Editor in 0.00 ms.
Unloading 6066 Unused Serialized files (Serialized files now loaded: 0)
Unloading 86 unused Assets / (3.4 MB). Loaded Objects now: 6539.
Memory consumption went from 414.0 MB to 410.6 MB.
Total: 19.843625 ms (FindLiveObjects: 0.299000 ms CreateObjectMapping: 0.155167 ms MarkObjects: 10.951125 ms  DeleteObjects: 8.437042 ms)

AssetImportParameters requested are different than current active one (requested -> active):
  custom:video-decoder-ogg-theora: a1e56fd34408186e4bbccfd4996cb3dc -> 
  custom:container-muxer-webm: aa71ff27fc2769a1b78a27578f13a17b -> 
  custom:container-demuxer-webm: 4f35f7cbe854078d1ac9338744f61a02 -> 
  custom:video-encoder-webm-vp8: eb34c28f22e8b96e1ab97ce403110664 -> 
  custom:framework-osx-AVFoundation: e770b220cccbd017edd2c1fefb359320 -> 
  custom:audio-encoder-webm-vorbis: bf7c407c2cedff20999df2af8eb42d56 -> 
  custom:container-demuxer-ogg: 62fdf1f143b41e24485cea50d1cbac27 -> 
  custom:video-decoder-webm-vp8: 9c59270c3fd7afecdb556c50c9e8de78 -> 
  custom:audio-decoder-ogg-vorbis: bf7c407c2cedff20999df2af8eb42d56 -> 
========================================================================
Received Import Request.
  Time since last request: 205125.026633 seconds.
  path: Assets/Particles-Magic/Mirza Beig/Particle Systems/Inferno VFX/Materials/Particles/Spritesheets/mat_vfx-inf_particle_spritesheet_blast5-alpha-[1.0].mat
  artifactKey: Guid(6f6f691d7a719ca4ca14f13ff568244e) Importer(815301076,1909f56bfc062723c751e8b465ee728b)
Start importing Assets/Particles-Magic/Mirza Beig/Particle Systems/Inferno VFX/Materials/Particles/Spritesheets/mat_vfx-inf_particle_spritesheet_blast5-alpha-[1.0].mat using Guid(6f6f691d7a719ca4ca14f13ff568244e) Importer(815301076,1909f56bfc062723c751e8b465ee728b)  -> (artifact id: '233daa51f05c9722038312e4e366e732') in 0.424336 seconds 
========================================================================
Received Import Request.
  Time since last request: 2.308532 seconds.
  path: Assets/Particles-Magic/Mirza Beig/Particle Systems/Inferno VFX/Materials/Particles/Spritesheets/mat_vfx-inf_particle_spritesheet_explosion2-alpha-[1.0].mat
  artifactKey: Guid(4c7d7250267b24b478c83e8f8a268ee6) Importer(815301076,1909f56bfc062723c751e8b465ee728b)
Start importing Assets/Particles-Magic/Mirza Beig/Particle Systems/Inferno VFX/Materials/Particles/Spritesheets/mat_vfx-inf_particle_spritesheet_explosion2-alpha-[1.0].mat using Guid(4c7d7250267b24b478c83e8f8a268ee6) Importer(815301076,1909f56bfc062723c751e8b465ee728b)  -> (artifact id: 'eacc6fca5bd3cf94441e8e8dd07df62d') in 0.023397 seconds 
========================================================================
Received Import Request.
  Time since last request: 0.725610 seconds.
  path: Assets/Particles-Magic/Mirza Beig/Particle Systems/Inferno VFX/Materials/Particles/Spritesheets/mat_vfx-inf_particle_spritesheet_blast4-alpha-[1.0].mat
  artifactKey: Guid(4f4837f10076e42439cb813dc1056d95) Importer(815301076,1909f56bfc062723c751e8b465ee728b)
Start importing Assets/Particles-Magic/Mirza Beig/Particle Systems/Inferno VFX/Materials/Particles/Spritesheets/mat_vfx-inf_particle_spritesheet_blast4-alpha-[1.0].mat using Guid(4f4837f10076e42439cb813dc1056d95) Importer(815301076,1909f56bfc062723c751e8b465ee728b)  -> (artifact id: 'f3b07e46af0db9ebdd1f1232117eb82a') in 0.085487 seconds 
========================================================================
Received Prepare
Registering precompiled user dll's ...
Registered in 0.002000 seconds.
Begin MonoManager ReloadAssembly
Thread 0x2b6b87000 may have been prematurely finalized
Symbol file LoadedFromMemory doesn't match image /Users/teotataris/Documents/GitHub/My_RPG/Library/PackageCache/com.unity.visualscripting@1.8.0/Editor/VisualScripting.Core/Dependencies/YamlDotNet/Unity.VisualScripting.YamlDotNet.dll
Symbol file LoadedFromMemory doesn't match image /Users/teotataris/Documents/GitHub/My_RPG/Library/PackageCache/com.unity.visualscripting@1.8.0/Editor/VisualScripting.Core/Dependencies/DotNetZip/Unity.VisualScripting.IonicZip.dll
Native extension for OSXStandalone target not found
Refreshing native plugins compatible for Editor in 5.80 ms, found 3 plugins.
Preloading 0 native plugins for Editor in 0.00 ms.
Mono: successfully reloaded assembly
- Completed reload, in  1.077 seconds
Domain Reload Profiling:
	ReloadAssembly (1079ms)
		BeginReloadAssembly (215ms)
			ExecutionOrderSort (0ms)
			DisableScriptedObjects (5ms)
			BackupInstance (0ms)
			ReleaseScriptingObjects (0ms)
			CreateAndSetChildDomain (94ms)
		EndReloadAssembly (805ms)
			LoadAssemblies (117ms)
			RebuildTransferFunctionScriptingTraits (0ms)
			SetupTypeCache (246ms)
			ReleaseScriptCaches (2ms)
			RebuildScriptCaches (46ms)
			SetupLoadedEditorAssemblies (405ms)
				LogAssemblyErrors (0ms)
				InitializePlatformSupportModulesInManaged (3ms)
				SetLoadedEditorAssemblies (1ms)
				RefreshPlugins (6ms)
				BeforeProcessingInitializeOnLoad (66ms)
				ProcessInitializeOnLoadAttributes (294ms)
				ProcessInitializeOnLoadMethodAttributes (35ms)
				AfterProcessingInitializeOnLoad (1ms)
				EditorAssembliesLoaded (0ms)
			ExecutionOrderSort2 (0ms)
			AwakeInstancesAfterBackupRestoration (2ms)
Platform modules already initialized, skipping
Refreshing native plugins compatible for Editor in 1.62 ms, found 3 plugins.
Preloading 0 native plugins for Editor in 0.00 ms.
Unloading 5880 Unused Serialized files (Serialized files now loaded: 0)
Unloading 57 unused Assets / (3.4 MB). Loaded Objects now: 6596.
Memory consumption went from 400.3 MB to 396.9 MB.
Total: 4.093875 ms (FindLiveObjects: 0.387917 ms CreateObjectMapping: 0.109958 ms MarkObjects: 3.134000 ms  DeleteObjects: 0.461458 ms)

AssetImportParameters requested are different than current active one (requested -> active):
  custom:video-decoder-ogg-theora: a1e56fd34408186e4bbccfd4996cb3dc -> 
  custom:container-muxer-webm: aa71ff27fc2769a1b78a27578f13a17b -> 
  custom:container-demuxer-webm: 4f35f7cbe854078d1ac9338744f61a02 -> 
  custom:video-encoder-webm-vp8: eb34c28f22e8b96e1ab97ce403110664 -> 
  custom:framework-osx-AVFoundation: e770b220cccbd017edd2c1fefb359320 -> 
  custom:audio-encoder-webm-vorbis: bf7c407c2cedff20999df2af8eb42d56 -> 
  custom:container-demuxer-ogg: 62fdf1f143b41e24485cea50d1cbac27 -> 
  custom:video-decoder-webm-vp8: 9c59270c3fd7afecdb556c50c9e8de78 -> 
  custom:audio-decoder-ogg-vorbis: bf7c407c2cedff20999df2af8eb42d56 -> 
========================================================================
Received Prepare
Registering precompiled user dll's ...
Registered in 0.001758 seconds.
Begin MonoManager ReloadAssembly
Thread 0x29d147000 may have been prematurely finalized
Symbol file LoadedFromMemory doesn't match image /Users/teotataris/Documents/GitHub/My_RPG/Library/PackageCache/com.unity.visualscripting@1.8.0/Editor/VisualScripting.Core/Dependencies/YamlDotNet/Unity.VisualScripting.YamlDotNet.dll
Symbol file LoadedFromMemory doesn't match image /Users/teotataris/Documents/GitHub/My_RPG/Library/PackageCache/com.unity.visualscripting@1.8.0/Editor/VisualScripting.Core/Dependencies/DotNetZip/Unity.VisualScripting.IonicZip.dll
Native extension for OSXStandalone target not found
Refreshing native plugins compatible for Editor in 2.40 ms, found 3 plugins.
Preloading 0 native plugins for Editor in 0.00 ms.
Mono: successfully reloaded assembly
- Completed reload, in  1.472 seconds
Domain Reload Profiling:
	ReloadAssembly (1475ms)
		BeginReloadAssembly (202ms)
			ExecutionOrderSort (0ms)
			DisableScriptedObjects (5ms)
			BackupInstance (0ms)
			ReleaseScriptingObjects (0ms)
			CreateAndSetChildDomain (83ms)
		EndReloadAssembly (1182ms)
			LoadAssemblies (85ms)
			RebuildTransferFunctionScriptingTraits (0ms)
			SetupTypeCache (322ms)
			ReleaseScriptCaches (11ms)
			RebuildScriptCaches (60ms)
			SetupLoadedEditorAssemblies (677ms)
				LogAssemblyErrors (0ms)
				InitializePlatformSupportModulesInManaged (3ms)
				SetLoadedEditorAssemblies (0ms)
				RefreshPlugins (2ms)
				BeforeProcessingInitializeOnLoad (74ms)
				ProcessInitializeOnLoadAttributes (464ms)
				ProcessInitializeOnLoadMethodAttributes (127ms)
				AfterProcessingInitializeOnLoad (3ms)
				EditorAssembliesLoaded (3ms)
			ExecutionOrderSort2 (0ms)
			AwakeInstancesAfterBackupRestoration (10ms)
Platform modules already initialized, skipping
Refreshing native plugins compatible for Editor in 1.75 ms, found 3 plugins.
Preloading 0 native plugins for Editor in 0.00 ms.
Unloading 5880 Unused Serialized files (Serialized files now loaded: 0)
Unloading 57 unused Assets / (3.4 MB). Loaded Objects now: 6612.
Memory consumption went from 400.3 MB to 396.9 MB.
Total: 7.063750 ms (FindLiveObjects: 0.337375 ms CreateObjectMapping: 0.129375 ms MarkObjects: 6.083625 ms  DeleteObjects: 0.512375 ms)

AssetImportParameters requested are different than current active one (requested -> active):
  custom:video-decoder-ogg-theora: a1e56fd34408186e4bbccfd4996cb3dc -> 
  custom:container-muxer-webm: aa71ff27fc2769a1b78a27578f13a17b -> 
  custom:container-demuxer-webm: 4f35f7cbe854078d1ac9338744f61a02 -> 
  custom:video-encoder-webm-vp8: eb34c28f22e8b96e1ab97ce403110664 -> 
  custom:framework-osx-AVFoundation: e770b220cccbd017edd2c1fefb359320 -> 
  custom:audio-encoder-webm-vorbis: bf7c407c2cedff20999df2af8eb42d56 -> 
  custom:container-demuxer-ogg: 62fdf1f143b41e24485cea50d1cbac27 -> 
  custom:video-decoder-webm-vp8: 9c59270c3fd7afecdb556c50c9e8de78 -> 
  custom:audio-decoder-ogg-vorbis: bf7c407c2cedff20999df2af8eb42d56 -> 
========================================================================
Received Import Request.
  Time since last request: 500.197125 seconds.
  path: Assets/Magic Prefabs/FireBall.prefab
  artifactKey: Guid(646288bce0dcf4bd694eba08384344b8) Importer(815301076,1909f56bfc062723c751e8b465ee728b)
Start importing Assets/Magic Prefabs/FireBall.prefab using Guid(646288bce0dcf4bd694eba08384344b8) Importer(815301076,1909f56bfc062723c751e8b465ee728b)  -> (artifact id: '5cec12ff1a06b159247d5275c302f828') in 0.340954 seconds 
========================================================================
Received Import Request.
  Time since last request: 2.317698 seconds.
  path: Assets/Magic Prefabs/RedBlast.prefab
  artifactKey: Guid(baa08859e927645ec9a549d269cf374f) Importer(815301076,1909f56bfc062723c751e8b465ee728b)
Start importing Assets/Magic Prefabs/RedBlast.prefab using Guid(baa08859e927645ec9a549d269cf374f) Importer(815301076,1909f56bfc062723c751e8b465ee728b)  -> (artifact id: 'd03b7c59c4ae831836d1cb5f1d53091e') in 0.197022 seconds 
========================================================================
Received Prepare
Registering precompiled user dll's ...
Registered in 0.002341 seconds.
Begin MonoManager ReloadAssembly
Thread 0x29d147000 may have been prematurely finalized
Symbol file LoadedFromMemory doesn't match image /Users/teotataris/Documents/GitHub/My_RPG/Library/PackageCache/com.unity.visualscripting@1.8.0/Editor/VisualScripting.Core/Dependencies/YamlDotNet/Unity.VisualScripting.YamlDotNet.dll
Symbol file LoadedFromMemory doesn't match image /Users/teotataris/Documents/GitHub/My_RPG/Library/PackageCache/com.unity.visualscripting@1.8.0/Editor/VisualScripting.Core/Dependencies/DotNetZip/Unity.VisualScripting.IonicZip.dll
Native extension for OSXStandalone target not found
Refreshing native plugins compatible for Editor in 1.36 ms, found 3 plugins.
Preloading 0 native plugins for Editor in 0.00 ms.
Mono: successfully reloaded assembly
- Completed reload, in  1.050 seconds
Domain Reload Profiling:
	ReloadAssembly (1051ms)
		BeginReloadAssembly (162ms)
			ExecutionOrderSort (0ms)
			DisableScriptedObjects (4ms)
			BackupInstance (0ms)
			ReleaseScriptingObjects (0ms)
			CreateAndSetChildDomain (68ms)
		EndReloadAssembly (812ms)
			LoadAssemblies (53ms)
			RebuildTransferFunctionScriptingTraits (0ms)
			SetupTypeCache (271ms)
			ReleaseScriptCaches (5ms)
			RebuildScriptCaches (51ms)
			SetupLoadedEditorAssemblies (413ms)
				LogAssemblyErrors (0ms)
				InitializePlatformSupportModulesInManaged (2ms)
				SetLoadedEditorAssemblies (0ms)
				RefreshPlugins (1ms)
				BeforeProcessingInitializeOnLoad (66ms)
				ProcessInitializeOnLoadAttributes (302ms)
				ProcessInitializeOnLoadMethodAttributes (39ms)
				AfterProcessingInitializeOnLoad (1ms)
				EditorAssembliesLoaded (0ms)
			ExecutionOrderSort2 (0ms)
			AwakeInstancesAfterBackupRestoration (4ms)
Platform modules already initialized, skipping
Refreshing native plugins compatible for Editor in 2.41 ms, found 3 plugins.
Preloading 0 native plugins for Editor in 0.00 ms.
Unloading 5880 Unused Serialized files (Serialized files now loaded: 0)
Unloading 58 unused Assets / (3.4 MB). Loaded Objects now: 6629.
Memory consumption went from 404.5 MB to 401.1 MB.
Total: 7.596250 ms (FindLiveObjects: 0.479125 ms CreateObjectMapping: 0.118916 ms MarkObjects: 5.979459 ms  DeleteObjects: 1.017416 ms)

AssetImportParameters requested are different than current active one (requested -> active):
  custom:video-decoder-ogg-theora: a1e56fd34408186e4bbccfd4996cb3dc -> 
  custom:container-muxer-webm: aa71ff27fc2769a1b78a27578f13a17b -> 
  custom:container-demuxer-webm: 4f35f7cbe854078d1ac9338744f61a02 -> 
  custom:video-encoder-webm-vp8: eb34c28f22e8b96e1ab97ce403110664 -> 
  custom:framework-osx-AVFoundation: e770b220cccbd017edd2c1fefb359320 -> 
  custom:audio-encoder-webm-vorbis: bf7c407c2cedff20999df2af8eb42d56 -> 
  custom:container-demuxer-ogg: 62fdf1f143b41e24485cea50d1cbac27 -> 
  custom:video-decoder-webm-vp8: 9c59270c3fd7afecdb556c50c9e8de78 -> 
  custom:audio-decoder-ogg-vorbis: bf7c407c2cedff20999df2af8eb42d56 -> 
========================================================================
Received Import Request.
  Time since last request: 265.240977 seconds.
  path: Assets/Particles-Magic/KTK_Effect_Samples/Materials/eff_shock1.mat
  artifactKey: Guid(7b7977f141795c649899f18d2302645f) Importer(815301076,1909f56bfc062723c751e8b465ee728b)
Start importing Assets/Particles-Magic/KTK_Effect_Samples/Materials/eff_shock1.mat using Guid(7b7977f141795c649899f18d2302645f) Importer(815301076,1909f56bfc062723c751e8b465ee728b)  -> (artifact id: 'fd0368244d98ac2ae2ba51b8deca184f') in 0.402679 seconds 
========================================================================
Received Import Request.
  Time since last request: 0.000103 seconds.
  path: Assets/Particles-Magic/EffectTexturesAndPrefabs/FBX/ShockWave_mesh.fbx
  artifactKey: Guid(611050965a7b66143b84e5b62ae17405) Importer(815301076,1909f56bfc062723c751e8b465ee728b)
Start importing Assets/Particles-Magic/EffectTexturesAndPrefabs/FBX/ShockWave_mesh.fbx using Guid(611050965a7b66143b84e5b62ae17405) Importer(815301076,1909f56bfc062723c751e8b465ee728b)  -> (artifact id: 'f5ab6251e95f0e86aeb0c2e9b7f265d2') in 0.102444 seconds 
========================================================================
Received Import Request.
  Time since last request: 118.881930 seconds.
  path: Assets/Particles-Magic/Mirza Beig/Particle Systems/Inferno VFX/Materials/Particles/Spritesheets/mat_vfx-inf_particle_spritesheet_blast3-add-[1.0].mat
  artifactKey: Guid(882a95846dc3a2d46b93f22b78ebcf23) Importer(815301076,1909f56bfc062723c751e8b465ee728b)
Start importing Assets/Particles-Magic/Mirza Beig/Particle Systems/Inferno VFX/Materials/Particles/Spritesheets/mat_vfx-inf_particle_spritesheet_blast3-add-[1.0].mat using Guid(882a95846dc3a2d46b93f22b78ebcf23) Importer(815301076,1909f56bfc062723c751e8b465ee728b)  -> (artifact id: 'f69ab1c7e4bcebf35de9b12911dd8512') in 0.109968 seconds 
========================================================================
Received Import Request.
  Time since last request: 2.868260 seconds.
  path: Assets/Particles-Magic/Mirza Beig/Particle Systems/Inferno VFX/Materials/Particles/Spritesheets/mat_vfx-inf_particle_spritesheet_blast-alpha-[1.0].mat
  artifactKey: Guid(2cc948833e66428429bd4df77d8c888f) Importer(815301076,1909f56bfc062723c751e8b465ee728b)
Start importing Assets/Particles-Magic/Mirza Beig/Particle Systems/Inferno VFX/Materials/Particles/Spritesheets/mat_vfx-inf_particle_spritesheet_blast-alpha-[1.0].mat using Guid(2cc948833e66428429bd4df77d8c888f) Importer(815301076,1909f56bfc062723c751e8b465ee728b)  -> (artifact id: 'c14feb0407efeff65c11fb8b28c1e849') in 0.136453 seconds 
========================================================================
Received Import Request.
  Time since last request: 50.333644 seconds.
  path: Assets/Magic Prefabs/NovaAttack.prefab
  artifactKey: Guid(cd8f00f1d130b4d0087f0fbdc1a36a14) Importer(815301076,1909f56bfc062723c751e8b465ee728b)
Start importing Assets/Magic Prefabs/NovaAttack.prefab using Guid(cd8f00f1d130b4d0087f0fbdc1a36a14) Importer(815301076,1909f56bfc062723c751e8b465ee728b)  -> (artifact id: 'a7b6dadad69ecf83c878569fc602eaf4') in 0.287066 seconds 
========================================================================
Received Import Request.
  Time since last request: 32.483597 seconds.
  path: Assets/Magic Prefabs/NovaAttack.prefab
  artifactKey: Guid(cd8f00f1d130b4d0087f0fbdc1a36a14) Importer(815301076,1909f56bfc062723c751e8b465ee728b)
Start importing Assets/Magic Prefabs/NovaAttack.prefab using Guid(cd8f00f1d130b4d0087f0fbdc1a36a14) Importer(815301076,1909f56bfc062723c751e8b465ee728b)  -> (artifact id: '1f5b619914ecfcbcd55f40d952a3fd4c') in 0.241944 seconds 
========================================================================
Received Import Request.
  Time since last request: 14.117489 seconds.
  path: Assets/Particles-Magic/Mirza Beig/Particle Systems/Inferno VFX/Materials/Particles/Spritesheets/mat_vfx-inf_particle_spritesheet_explosion-alpha-[1.0].mat
  artifactKey: Guid(fc6771a626f1e4941b147a8aad52fe2a) Importer(815301076,1909f56bfc062723c751e8b465ee728b)
Start importing Assets/Particles-Magic/Mirza Beig/Particle Systems/Inferno VFX/Materials/Particles/Spritesheets/mat_vfx-inf_particle_spritesheet_explosion-alpha-[1.0].mat using Guid(fc6771a626f1e4941b147a8aad52fe2a) Importer(815301076,1909f56bfc062723c751e8b465ee728b)  -> (artifact id: '1088103405ab3d39ad16c7680fec6698') in 0.036339 seconds 
========================================================================
Received Import Request.
  Time since last request: 4.196379 seconds.
  path: Assets/Magic Prefabs/MyBlast.prefab
  artifactKey: Guid(f426f8f013be44ff6b6b113943330776) Importer(815301076,1909f56bfc062723c751e8b465ee728b)
Start importing Assets/Magic Prefabs/MyBlast.prefab using Guid(f426f8f013be44ff6b6b113943330776) Importer(815301076,1909f56bfc062723c751e8b465ee728b)  -> (artifact id: 'cb60595588d008d626912e80c8341750') in 0.129527 seconds 
