Unity Editor version:    2021.3.25f1 (68ef2c4f8861)
Branch:                  2021.3/staging
Build type:              Release
Batch mode:              YES
macOS version:           Version 14.0 (Build 23A339)
Darwin version:          23.0.0
Architecture:            arm64
Running under Rosetta:   NO
Available memory:        8192 MB
Using pre-set license
Pro License: YES

COMMAND LINE ARGUMENTS:
/Applications/Unity/Hub/Editor/2021.3.25f1/Unity.app/Contents/MacOS/Unity
-adb2
-batchMode
-noUpm
-name
AssetImportWorker2
-projectPath
/Users/teotataris/Documents/GitHub/My_RPG
-logFile
Logs/AssetImportWorker2.log
-srvPort
55074
Successfully changed project path to: /Users/teotataris/Documents/GitHub/My_RPG
/Users/teotataris/Documents/GitHub/My_RPG
[UnityMemory] Configuration Parameters - Can be set up in boot.config
    "memorysetup-bucket-allocator-granularity=16"
    "memorysetup-bucket-allocator-bucket-count=8"
    "memorysetup-bucket-allocator-block-size=33554432"
    "memorysetup-bucket-allocator-block-count=8"
    "memorysetup-main-allocator-block-size=16777216"
    "memorysetup-thread-allocator-block-size=16777216"
    "memorysetup-gfx-main-allocator-block-size=16777216"
    "memorysetup-gfx-thread-allocator-block-size=16777216"
    "memorysetup-cache-allocator-block-size=4194304"
    "memorysetup-typetree-allocator-block-size=2097152"
    "memorysetup-profiler-bucket-allocator-granularity=16"
    "memorysetup-profiler-bucket-allocator-bucket-count=8"
    "memorysetup-profiler-bucket-allocator-block-size=33554432"
    "memorysetup-profiler-bucket-allocator-block-count=8"
    "memorysetup-profiler-allocator-block-size=16777216"
    "memorysetup-profiler-editor-allocator-block-size=1048576"
    "memorysetup-temp-allocator-size-main=16777216"
    "memorysetup-job-temp-allocator-block-size=2097152"
    "memorysetup-job-temp-allocator-block-size-background=1048576"
    "memorysetup-job-temp-allocator-reduction-small-platforms=262144"
    "memorysetup-temp-allocator-size-background-worker=32768"
    "memorysetup-temp-allocator-size-job-worker=262144"
    "memorysetup-temp-allocator-size-preload-manager=33554432"
    "memorysetup-temp-allocator-size-nav-mesh-worker=65536"
    "memorysetup-temp-allocator-size-audio-worker=65536"
    "memorysetup-temp-allocator-size-cloud-worker=32768"
    "memorysetup-temp-allocator-size-gi-baking-worker=262144"
    "memorysetup-temp-allocator-size-gfx=262144"
Player connection [7924437760] Host "[IP] 192.168.1.18 [Port] 0 [Flags] 2 [Guid] 4003312137 [EditorId] 4003312137 [Version] 1048832 [Id] OSXEditor(0,MacBook-Air-Teo.home) [Debug] 1 [PackageName] OSXEditor [ProjectName] Editor" joined multi-casting on [225.0.0.222:54997]...

Player connection [7924437760] Host "[IP] 192.168.1.18 [Port] 0 [Flags] 2 [Guid] 4003312137 [EditorId] 4003312137 [Version] 1048832 [Id] OSXEditor(0,MacBook-Air-Teo.home) [Debug] 1 [PackageName] OSXEditor [ProjectName] Editor" joined alternative multi-casting on [225.0.0.222:34997]...

Refreshing native plugins compatible for Editor in 177.69 ms, found 3 plugins.
Preloading 0 native plugins for Editor in 0.00 ms.
Initialize engine version: 2021.3.25f1 (68ef2c4f8861)
[Subsystems] Discovering subsystems at path /Applications/Unity/Hub/Editor/2021.3.25f1/Unity.app/Contents/Resources/UnitySubsystems
[Subsystems] Discovering subsystems at path /Users/teotataris/Documents/GitHub/My_RPG/Assets
GfxDevice: creating device client; threaded=0; jobified=0
 preferred device: Apple M1 (high power)
Metal devices available: 1
0: Apple M1 (high power)
Using device Apple M1 (high power)
Initializing Metal device caps: Apple M1
Initialize mono
Mono path[0] = '/Applications/Unity/Hub/Editor/2021.3.25f1/Unity.app/Contents/Managed'
Mono path[1] = '/Applications/Unity/Hub/Editor/2021.3.25f1/Unity.app/Contents/MonoBleedingEdge/lib/mono/unityjit-macos'
Mono config path = '/Applications/Unity/Hub/Editor/2021.3.25f1/Unity.app/Contents/MonoBleedingEdge/etc'
Using monoOptions --debugger-agent=transport=dt_socket,embedding=1,server=y,suspend=n,address=127.0.0.1:56586
Begin MonoManager ReloadAssembly
Registering precompiled unity dll's ...
Register platform support module: /Applications/Unity/Hub/Editor/2021.3.25f1/Unity.app/Contents/PlaybackEngines/MacStandaloneSupport/UnityEditor.OSXStandalone.Extensions.dll
Registered in 0.000954 seconds.
Native extension for OSXStandalone target not found
Refreshing native plugins compatible for Editor in 117.73 ms, found 3 plugins.
Preloading 0 native plugins for Editor in 0.00 ms.
Mono: successfully reloaded assembly
- Completed reload, in  0.566 seconds
Domain Reload Profiling:
	ReloadAssembly (566ms)
		BeginReloadAssembly (98ms)
			ExecutionOrderSort (0ms)
			DisableScriptedObjects (0ms)
			BackupInstance (0ms)
			ReleaseScriptingObjects (0ms)
			CreateAndSetChildDomain (1ms)
		EndReloadAssembly (382ms)
			LoadAssemblies (97ms)
			RebuildTransferFunctionScriptingTraits (1ms)
			SetupTypeCache (83ms)
			ReleaseScriptCaches (0ms)
			RebuildScriptCaches (24ms)
			SetupLoadedEditorAssemblies (243ms)
				LogAssemblyErrors (0ms)
				InitializePlatformSupportModulesInManaged (4ms)
				SetLoadedEditorAssemblies (0ms)
				RefreshPlugins (118ms)
				BeforeProcessingInitializeOnLoad (1ms)
				ProcessInitializeOnLoadAttributes (91ms)
				ProcessInitializeOnLoadMethodAttributes (29ms)
				AfterProcessingInitializeOnLoad (0ms)
				EditorAssembliesLoaded (0ms)
			ExecutionOrderSort2 (0ms)
			AwakeInstancesAfterBackupRestoration (0ms)
Platform modules already initialized, skipping
Registering precompiled user dll's ...
Registered in 0.010266 seconds.
Begin MonoManager ReloadAssembly
Symbol file LoadedFromMemory doesn't match image /Users/teotataris/Documents/GitHub/My_RPG/Library/PackageCache/com.unity.visualscripting@1.8.0/Editor/VisualScripting.Core/Dependencies/YamlDotNet/Unity.VisualScripting.YamlDotNet.dll
Symbol file LoadedFromMemory doesn't match image /Users/teotataris/Documents/GitHub/My_RPG/Library/PackageCache/com.unity.visualscripting@1.8.0/Editor/VisualScripting.Core/Dependencies/DotNetZip/Unity.VisualScripting.IonicZip.dll
Native extension for OSXStandalone target not found
Refreshing native plugins compatible for Editor in 148.99 ms, found 3 plugins.
Preloading 0 native plugins for Editor in 0.00 ms.
Mono: successfully reloaded assembly
- Completed reload, in  1.272 seconds
Domain Reload Profiling:
	ReloadAssembly (1273ms)
		BeginReloadAssembly (82ms)
			ExecutionOrderSort (0ms)
			DisableScriptedObjects (3ms)
			BackupInstance (0ms)
			ReleaseScriptingObjects (0ms)
			CreateAndSetChildDomain (15ms)
		EndReloadAssembly (1122ms)
			LoadAssemblies (90ms)
			RebuildTransferFunctionScriptingTraits (0ms)
			SetupTypeCache (260ms)
			ReleaseScriptCaches (0ms)
			RebuildScriptCaches (69ms)
			SetupLoadedEditorAssemblies (689ms)
				LogAssemblyErrors (0ms)
				InitializePlatformSupportModulesInManaged (2ms)
				SetLoadedEditorAssemblies (0ms)
				RefreshPlugins (149ms)
				BeforeProcessingInitializeOnLoad (106ms)
				ProcessInitializeOnLoadAttributes (394ms)
				ProcessInitializeOnLoadMethodAttributes (37ms)
				AfterProcessingInitializeOnLoad (1ms)
				EditorAssembliesLoaded (0ms)
			ExecutionOrderSort2 (0ms)
			AwakeInstancesAfterBackupRestoration (2ms)
Platform modules already initialized, skipping
========================================================================
Worker process is ready to serve import requests
Launching external process: /Applications/Unity/Hub/Editor/2021.3.25f1/Unity.app/Contents/Tools/UnityShaderCompiler
Launched and connected shader compiler UnityShaderCompiler after 0.24 seconds
Refreshing native plugins compatible for Editor in 1.19 ms, found 3 plugins.
Preloading 0 native plugins for Editor in 0.00 ms.
Unloading 5964 Unused Serialized files (Serialized files now loaded: 0)
Unloading 187 unused Assets / (18.3 MB). Loaded Objects now: 6349.
Memory consumption went from 352.6 MB to 334.3 MB.
Total: 8.113833 ms (FindLiveObjects: 0.277125 ms CreateObjectMapping: 0.075334 ms MarkObjects: 4.553166 ms  DeleteObjects: 3.207459 ms)

AssetImportParameters requested are different than current active one (requested -> active):
  custom:video-decoder-ogg-theora: a1e56fd34408186e4bbccfd4996cb3dc -> 
  custom:container-muxer-webm: aa71ff27fc2769a1b78a27578f13a17b -> 
  custom:container-demuxer-webm: 4f35f7cbe854078d1ac9338744f61a02 -> 
  custom:video-encoder-webm-vp8: eb34c28f22e8b96e1ab97ce403110664 -> 
  custom:framework-osx-AVFoundation: e770b220cccbd017edd2c1fefb359320 -> 
  custom:audio-encoder-webm-vorbis: bf7c407c2cedff20999df2af8eb42d56 -> 
  custom:container-demuxer-ogg: 62fdf1f143b41e24485cea50d1cbac27 -> 
  custom:video-decoder-webm-vp8: 9c59270c3fd7afecdb556c50c9e8de78 -> 
  custom:audio-decoder-ogg-vorbis: bf7c407c2cedff20999df2af8eb42d56 -> 
========================================================================
Received Import Request.
  Time since last request: 211900.516761 seconds.
  path: Assets/Scenes/Terrain.unity
  artifactKey: Guid(774794430c17ca5459ce0c4f5cd5d77c) Importer(815301076,1909f56bfc062723c751e8b465ee728b)
Start importing Assets/Scenes/Terrain.unity using Guid(774794430c17ca5459ce0c4f5cd5d77c) Importer(815301076,1909f56bfc062723c751e8b465ee728b)  -> (artifact id: '8814a35fb2aa29c0600bbb6a5078d1e5') in 0.017991 seconds 
========================================================================
Received Import Request.
  Time since last request: 1.525492 seconds.
  path: Assets/Scenes/SampleScene.unity
  artifactKey: Guid(9fc0d4010bbf28b4594072e72b8655ab) Importer(815301076,1909f56bfc062723c751e8b465ee728b)
Start importing Assets/Scenes/SampleScene.unity using Guid(9fc0d4010bbf28b4594072e72b8655ab) Importer(815301076,1909f56bfc062723c751e8b465ee728b)  -> (artifact id: '7e2115123ca2c04d5a62a6127b67b76f') in 0.001459 seconds 
========================================================================
Received Import Request.
  Time since last request: 0.831942 seconds.
  path: Assets/Scenes/Terrain
  artifactKey: Guid(4c93143a0e6c0a54c86331f283d96b2a) Importer(815301076,1909f56bfc062723c751e8b465ee728b)
Start importing Assets/Scenes/Terrain using Guid(4c93143a0e6c0a54c86331f283d96b2a) Importer(815301076,1909f56bfc062723c751e8b465ee728b)  -> (artifact id: '1454069a720853969d66a49b947b7f8f') in 0.001949 seconds 
========================================================================
Received Import Request.
  Time since last request: 0.062386 seconds.
  path: Assets/Scenes/Terrain/LightingData.asset
  artifactKey: Guid(eb7c98d2329a66845862b4e33d899108) Importer(815301076,1909f56bfc062723c751e8b465ee728b)
Start importing Assets/Scenes/Terrain/LightingData.asset using Guid(eb7c98d2329a66845862b4e33d899108) Importer(815301076,1909f56bfc062723c751e8b465ee728b)  -> (artifact id: 'b5efb3b4e182e2113af276a9de9b8189') in 0.617138 seconds 
========================================================================
Received Import Request.
  Time since last request: 0.000039 seconds.
  path: Assets/Scenes/Terrain/NavMesh.asset
  artifactKey: Guid(13a26e20cf035da4a80a44239c6b2f93) Importer(815301076,1909f56bfc062723c751e8b465ee728b)
Start importing Assets/Scenes/Terrain/NavMesh.asset using Guid(13a26e20cf035da4a80a44239c6b2f93) Importer(815301076,1909f56bfc062723c751e8b465ee728b)  -> (artifact id: '1ce39a0c6779b77eba5a82f9aed3a488') in 0.007427 seconds 
========================================================================
Received Import Request.
  Time since last request: 0.000042 seconds.
  path: Assets/Scenes/Terrain/ReflectionProbe-0.exr
  artifactKey: Guid(66fc63663a19d8c47a2b7a05cc0123b4) Importer(815301076,1909f56bfc062723c751e8b465ee728b)
Start importing Assets/Scenes/Terrain/ReflectionProbe-0.exr using Guid(66fc63663a19d8c47a2b7a05cc0123b4) Importer(815301076,1909f56bfc062723c751e8b465ee728b)  -> (artifact id: 'e22d86da6e88a51fb2200600e332eacf') in 0.236961 seconds 
========================================================================
Received Import Request.
  Time since last request: 14.427824 seconds.
  path: Assets/Scenes/PlayerSetup.unity
  artifactKey: Guid(a40e60e46c3c41746b408b2468119904) Importer(815301076,1909f56bfc062723c751e8b465ee728b)
Start importing Assets/Scenes/PlayerSetup.unity using Guid(a40e60e46c3c41746b408b2468119904) Importer(815301076,1909f56bfc062723c751e8b465ee728b)  -> (artifact id: '2ccf6edb3e49fb9b689070ba8d0b781f') in 0.003512 seconds 
========================================================================
Received Import Request.
  Time since last request: 6.317373 seconds.
  path: Assets/Scenes/CharacterSelection.unity
  artifactKey: Guid(b9ac1d1cd96cca5459e004f85585c2d9) Importer(815301076,1909f56bfc062723c751e8b465ee728b)
Start importing Assets/Scenes/CharacterSelection.unity using Guid(b9ac1d1cd96cca5459e004f85585c2d9) Importer(815301076,1909f56bfc062723c751e8b465ee728b)  -> (artifact id: '9df34481af847dbbaa1c425c90efabec') in 0.001648 seconds 
========================================================================
Received Prepare
Registering precompiled user dll's ...
Registered in 0.001943 seconds.
Begin MonoManager ReloadAssembly
Thread 0x2a0dc7000 may have been prematurely finalized
Symbol file LoadedFromMemory doesn't match image /Users/teotataris/Documents/GitHub/My_RPG/Library/PackageCache/com.unity.visualscripting@1.8.0/Editor/VisualScripting.Core/Dependencies/YamlDotNet/Unity.VisualScripting.YamlDotNet.dll
Symbol file LoadedFromMemory doesn't match image /Users/teotataris/Documents/GitHub/My_RPG/Library/PackageCache/com.unity.visualscripting@1.8.0/Editor/VisualScripting.Core/Dependencies/DotNetZip/Unity.VisualScripting.IonicZip.dll
Native extension for OSXStandalone target not found
Refreshing native plugins compatible for Editor in 3.12 ms, found 3 plugins.
Preloading 0 native plugins for Editor in 0.00 ms.
Mono: successfully reloaded assembly
- Completed reload, in  1.389 seconds
Domain Reload Profiling:
	ReloadAssembly (1390ms)
		BeginReloadAssembly (219ms)
			ExecutionOrderSort (0ms)
			DisableScriptedObjects (12ms)
			BackupInstance (0ms)
			ReleaseScriptingObjects (0ms)
			CreateAndSetChildDomain (100ms)
		EndReloadAssembly (1096ms)
			LoadAssemblies (107ms)
			RebuildTransferFunctionScriptingTraits (1ms)
			SetupTypeCache (383ms)
			ReleaseScriptCaches (8ms)
			RebuildScriptCaches (70ms)
			SetupLoadedEditorAssemblies (505ms)
				LogAssemblyErrors (0ms)
				InitializePlatformSupportModulesInManaged (3ms)
				SetLoadedEditorAssemblies (0ms)
				RefreshPlugins (3ms)
				BeforeProcessingInitializeOnLoad (74ms)
				ProcessInitializeOnLoadAttributes (382ms)
				ProcessInitializeOnLoadMethodAttributes (42ms)
				AfterProcessingInitializeOnLoad (1ms)
				EditorAssembliesLoaded (0ms)
			ExecutionOrderSort2 (0ms)
			AwakeInstancesAfterBackupRestoration (3ms)
Platform modules already initialized, skipping
Refreshing native plugins compatible for Editor in 2.49 ms, found 3 plugins.
Preloading 0 native plugins for Editor in 0.00 ms.
Unloading 5882 Unused Serialized files (Serialized files now loaded: 0)
Unloading 158 unused Assets / (18.6 MB). Loaded Objects now: 6398.
Memory consumption went from 354.1 MB to 335.5 MB.
Total: 12.036458 ms (FindLiveObjects: 0.344042 ms CreateObjectMapping: 0.126250 ms MarkObjects: 7.215792 ms  DeleteObjects: 4.349167 ms)

AssetImportParameters requested are different than current active one (requested -> active):
  custom:video-decoder-ogg-theora: a1e56fd34408186e4bbccfd4996cb3dc -> 
  custom:container-muxer-webm: aa71ff27fc2769a1b78a27578f13a17b -> 
  custom:container-demuxer-webm: 4f35f7cbe854078d1ac9338744f61a02 -> 
  custom:video-encoder-webm-vp8: eb34c28f22e8b96e1ab97ce403110664 -> 
  custom:framework-osx-AVFoundation: e770b220cccbd017edd2c1fefb359320 -> 
  custom:audio-encoder-webm-vorbis: bf7c407c2cedff20999df2af8eb42d56 -> 
  custom:container-demuxer-ogg: 62fdf1f143b41e24485cea50d1cbac27 -> 
  custom:video-decoder-webm-vp8: 9c59270c3fd7afecdb556c50c9e8de78 -> 
  custom:audio-decoder-ogg-vorbis: bf7c407c2cedff20999df2af8eb42d56 -> 
========================================================================
Received Import Request.
  Time since last request: 51.556124 seconds.
  path: Assets/Cursors
  artifactKey: Guid(ef86af6467e84f44db0f6072b9c33144) Importer(815301076,1909f56bfc062723c751e8b465ee728b)
Start importing Assets/Cursors using Guid(ef86af6467e84f44db0f6072b9c33144) Importer(815301076,1909f56bfc062723c751e8b465ee728b)  -> (artifact id: 'f6cdc4c29b439e274f8174509190994b') in 0.041361 seconds 
========================================================================
Received Import Request.
  Time since last request: 0.115818 seconds.
  path: Assets/Cursors/Cursors 256
  artifactKey: Guid(e389bb3ad5b557445a360d0fdaec4991) Importer(815301076,1909f56bfc062723c751e8b465ee728b)
Start importing Assets/Cursors/Cursors 256 using Guid(e389bb3ad5b557445a360d0fdaec4991) Importer(815301076,1909f56bfc062723c751e8b465ee728b)  -> (artifact id: 'bb1a84b00d93dd36cb760eccc0f25722') in 0.001141 seconds 
========================================================================
Received Import Request.
  Time since last request: 0.079482 seconds.
  path: Assets/Cursors/Cursors 256/Arrow.png
  artifactKey: Guid(0b86e86e49c39584ca92724a2cc3a501) Importer(815301076,1909f56bfc062723c751e8b465ee728b)
Start importing Assets/Cursors/Cursors 256/Arrow.png using Guid(0b86e86e49c39584ca92724a2cc3a501) Importer(815301076,1909f56bfc062723c751e8b465ee728b)  -> (artifact id: '0bbfb15f849b4ced765a7ddea30af875') in 0.149699 seconds 
========================================================================
Received Import Request.
  Time since last request: 0.000052 seconds.
  path: Assets/Cursors/Cursors 256/Cursor_Basic2_R.png
  artifactKey: Guid(18998ef35f6b8474984b039c3366b132) Importer(815301076,1909f56bfc062723c751e8b465ee728b)
Start importing Assets/Cursors/Cursors 256/Cursor_Basic2_R.png using Guid(18998ef35f6b8474984b039c3366b132) Importer(815301076,1909f56bfc062723c751e8b465ee728b)  -> (artifact id: '5dd48aeaa23fb744f5ef716b741d35d6') in 0.012322 seconds 
========================================================================
Received Import Request.
  Time since last request: 0.000056 seconds.
  path: Assets/Cursors/Cursors 256/G_Arrow.png
  artifactKey: Guid(66efa82389d32814ca7e2e56fa53e471) Importer(815301076,1909f56bfc062723c751e8b465ee728b)
Start importing Assets/Cursors/Cursors 256/G_Arrow.png using Guid(66efa82389d32814ca7e2e56fa53e471) Importer(815301076,1909f56bfc062723c751e8b465ee728b)  -> (artifact id: '4f87f7947994ff4f8a05999a4d249b2b') in 0.009977 seconds 
========================================================================
Received Import Request.
  Time since last request: 0.000048 seconds.
  path: Assets/Cursors/Cursors 256/G_Cursor_Attack.png
  artifactKey: Guid(cc0915b0b19d78844ab3123e2a2f1701) Importer(815301076,1909f56bfc062723c751e8b465ee728b)
Start importing Assets/Cursors/Cursors 256/G_Cursor_Attack.png using Guid(cc0915b0b19d78844ab3123e2a2f1701) Importer(815301076,1909f56bfc062723c751e8b465ee728b)  -> (artifact id: '7971bc7b8f3f5081bde637b5e1d96edd') in 0.012908 seconds 
========================================================================
Received Import Request.
  Time since last request: 0.000098 seconds.
  path: Assets/Cursors/Cursors 256/Cursor_ship.png
  artifactKey: Guid(068ae85ce4386b7459fccefb0466c0ba) Importer(815301076,1909f56bfc062723c751e8b465ee728b)
Start importing Assets/Cursors/Cursors 256/Cursor_ship.png using Guid(068ae85ce4386b7459fccefb0466c0ba) Importer(815301076,1909f56bfc062723c751e8b465ee728b)  -> (artifact id: '4023f43cea4eaccc08d7c0de8b168a1c') in 0.010447 seconds 
========================================================================
Received Import Request.
  Time since last request: 0.000041 seconds.
  path: Assets/Cursors/Cursors 256/G_Cursor_Attack_G.png
  artifactKey: Guid(ca99d9828f6fd5d4a8c4f2c9587aa7d4) Importer(815301076,1909f56bfc062723c751e8b465ee728b)
Start importing Assets/Cursors/Cursors 256/G_Cursor_Attack_G.png using Guid(ca99d9828f6fd5d4a8c4f2c9587aa7d4) Importer(815301076,1909f56bfc062723c751e8b465ee728b)  -> (artifact id: '2d733c88175c39a96f6ce089391ccdab') in 0.012955 seconds 
========================================================================
Received Import Request.
  Time since last request: 0.000051 seconds.
  path: Assets/Cursors/Cursors 256/Cursor_Attack_G.png
  artifactKey: Guid(9d1d8711f810d3b478245db745d89b1f) Importer(815301076,1909f56bfc062723c751e8b465ee728b)
Start importing Assets/Cursors/Cursors 256/Cursor_Attack_G.png using Guid(9d1d8711f810d3b478245db745d89b1f) Importer(815301076,1909f56bfc062723c751e8b465ee728b)  -> (artifact id: '9bbadd5c8b6abd9abde73d0196c1bd25') in 0.011782 seconds 
========================================================================
Received Import Request.
  Time since last request: 0.000041 seconds.
  path: Assets/Cursors/Cursors 256/Cursor_Move2.png
  artifactKey: Guid(f27d2a87b8553f8438fadbb8f50e9bbd) Importer(815301076,1909f56bfc062723c751e8b465ee728b)
Start importing Assets/Cursors/Cursors 256/Cursor_Move2.png using Guid(f27d2a87b8553f8438fadbb8f50e9bbd) Importer(815301076,1909f56bfc062723c751e8b465ee728b)  -> (artifact id: '21b03df6bccccfa08a9b1b59ae9009eb') in 0.011205 seconds 
========================================================================
Received Import Request.
  Time since last request: 0.000039 seconds.
  path: Assets/Cursors/Cursors 256/Cursor_shoot.png
  artifactKey: Guid(197a53bd039d6504c994b4ced05cdd8d) Importer(815301076,1909f56bfc062723c751e8b465ee728b)
Start importing Assets/Cursors/Cursors 256/Cursor_shoot.png using Guid(197a53bd039d6504c994b4ced05cdd8d) Importer(815301076,1909f56bfc062723c751e8b465ee728b)  -> (artifact id: 'f4e8b9b7f8fc62c4fe559e733aecae8f') in 0.011171 seconds 
========================================================================
Received Import Request.
  Time since last request: 0.000058 seconds.
  path: Assets/Cursors/Cursors 256/Cursor_Attack.png
  artifactKey: Guid(24d21e256b498a944a00e2527ed7618c) Importer(815301076,1909f56bfc062723c751e8b465ee728b)
Start importing Assets/Cursors/Cursors 256/Cursor_Attack.png using Guid(24d21e256b498a944a00e2527ed7618c) Importer(815301076,1909f56bfc062723c751e8b465ee728b)  -> (artifact id: '402db44cc2c079884cb02ab35233284f') in 0.011992 seconds 
========================================================================
Received Import Request.
  Time since last request: 0.000053 seconds.
  path: Assets/Cursors/Cursors 256/Cursor_Basic2.png
  artifactKey: Guid(a5f9cc9a5efbe894eb85de4851711ba8) Importer(815301076,1909f56bfc062723c751e8b465ee728b)
Start importing Assets/Cursors/Cursors 256/Cursor_Basic2.png using Guid(a5f9cc9a5efbe894eb85de4851711ba8) Importer(815301076,1909f56bfc062723c751e8b465ee728b)  -> (artifact id: '2bf4aa01d4b1ee284dbf2eaf7e1d1792') in 0.013131 seconds 
========================================================================
Received Import Request.
  Time since last request: 0.000058 seconds.
  path: Assets/Cursors/Cursors 256/Cursor_Deff.png
  artifactKey: Guid(2c292c9edcc019b4eb6f2f8550a0f686) Importer(815301076,1909f56bfc062723c751e8b465ee728b)
Start importing Assets/Cursors/Cursors 256/Cursor_Deff.png using Guid(2c292c9edcc019b4eb6f2f8550a0f686) Importer(815301076,1909f56bfc062723c751e8b465ee728b)  -> (artifact id: '93411f3973c8ed03c387d745c1d1e3bd') in 0.011276 seconds 
========================================================================
Received Import Request.
  Time since last request: 4.134980 seconds.
  path: Assets/Cursors/Cursors 64
  artifactKey: Guid(78af82a4a92a91b4ab6ca0f0ba07966b) Importer(815301076,1909f56bfc062723c751e8b465ee728b)
Start importing Assets/Cursors/Cursors 64 using Guid(78af82a4a92a91b4ab6ca0f0ba07966b) Importer(815301076,1909f56bfc062723c751e8b465ee728b)  -> (artifact id: 'db323e058d542bd2e7d9b92706e83ad2') in 0.001198 seconds 
========================================================================
Received Import Request.
  Time since last request: 0.078963 seconds.
  path: Assets/Cursors/Cursors 64/Arrow.png
  artifactKey: Guid(f0556ff233d03be4ea69793a01440b16) Importer(815301076,1909f56bfc062723c751e8b465ee728b)
Start importing Assets/Cursors/Cursors 64/Arrow.png using Guid(f0556ff233d03be4ea69793a01440b16) Importer(815301076,1909f56bfc062723c751e8b465ee728b)  -> (artifact id: '9082ed0f57a6581f3c601e2fa9605bb9') in 0.011779 seconds 
========================================================================
Received Import Request.
  Time since last request: 0.000048 seconds.
  path: Assets/Cursors/Cursors 64/Cursor_loot.png
  artifactKey: Guid(6d0916f30d4a8e84c839a037bed24d2a) Importer(815301076,1909f56bfc062723c751e8b465ee728b)
Start importing Assets/Cursors/Cursors 64/Cursor_loot.png using Guid(6d0916f30d4a8e84c839a037bed24d2a) Importer(815301076,1909f56bfc062723c751e8b465ee728b)  -> (artifact id: 'e2616f33488c55eb2cfa1e54e657995a') in 0.012660 seconds 
========================================================================
Received Import Request.
  Time since last request: 0.000043 seconds.
  path: Assets/Cursors/Cursors 64/Cursor_Attack_R.png
  artifactKey: Guid(0561d5958b7b1b14fb067879aaa7b5f3) Importer(815301076,1909f56bfc062723c751e8b465ee728b)
Start importing Assets/Cursors/Cursors 64/Cursor_Attack_R.png using Guid(0561d5958b7b1b14fb067879aaa7b5f3) Importer(815301076,1909f56bfc062723c751e8b465ee728b)  -> (artifact id: 'e0fa807e85b59b4e6e73164d1448b839') in 0.010570 seconds 
========================================================================
Received Import Request.
  Time since last request: 0.000097 seconds.
  path: Assets/Cursors/Cursors 64/Cursor_Move2.png
  artifactKey: Guid(1b362737dfa014a40a71ecaffce5e053) Importer(815301076,1909f56bfc062723c751e8b465ee728b)
Start importing Assets/Cursors/Cursors 64/Cursor_Move2.png using Guid(1b362737dfa014a40a71ecaffce5e053) Importer(815301076,1909f56bfc062723c751e8b465ee728b)  -> (artifact id: '0c124d8f39f4e43fb25245b853f70c4d') in 0.008299 seconds 
========================================================================
Received Import Request.
  Time since last request: 0.000038 seconds.
  path: Assets/Cursors/Cursors 64/Arrow_R.png
  artifactKey: Guid(116f8e92c4d794a498333f8f87d172bd) Importer(815301076,1909f56bfc062723c751e8b465ee728b)
Start importing Assets/Cursors/Cursors 64/Arrow_R.png using Guid(116f8e92c4d794a498333f8f87d172bd) Importer(815301076,1909f56bfc062723c751e8b465ee728b)  -> (artifact id: 'd2a3d8b5cd628e12b1fb2d32e2d19659') in 0.007937 seconds 
========================================================================
Received Import Request.
  Time since last request: 0.000058 seconds.
  path: Assets/Cursors/Cursors 64/Cursor_Production.png
  artifactKey: Guid(e40438da50f1371419f50778b3da1a61) Importer(815301076,1909f56bfc062723c751e8b465ee728b)
Start importing Assets/Cursors/Cursors 64/Cursor_Production.png using Guid(e40438da50f1371419f50778b3da1a61) Importer(815301076,1909f56bfc062723c751e8b465ee728b)  -> (artifact id: 'a008f24a3b0b9b059a2bb15a2f4b0b81') in 0.009160 seconds 
========================================================================
Received Import Request.
  Time since last request: 0.000083 seconds.
  path: Assets/Cursors/Cursors 64/Cursor_shoot.png
  artifactKey: Guid(cf2530d88842998479571ba2e3a43c9d) Importer(815301076,1909f56bfc062723c751e8b465ee728b)
Start importing Assets/Cursors/Cursors 64/Cursor_shoot.png using Guid(cf2530d88842998479571ba2e3a43c9d) Importer(815301076,1909f56bfc062723c751e8b465ee728b)  -> (artifact id: 'f63f8b7373885ac62adccd1a39408e4a') in 0.008442 seconds 
========================================================================
Received Import Request.
  Time since last request: 0.000093 seconds.
  path: Assets/Cursors/Cursors 64/G_Cursor_Attack.png
  artifactKey: Guid(78bdc1d51cd53a648ac0c56ff5aaf59f) Importer(815301076,1909f56bfc062723c751e8b465ee728b)
Start importing Assets/Cursors/Cursors 64/G_Cursor_Attack.png using Guid(78bdc1d51cd53a648ac0c56ff5aaf59f) Importer(815301076,1909f56bfc062723c751e8b465ee728b)  -> (artifact id: 'c93b60398a719c3a740f855379b0c253') in 0.009050 seconds 
========================================================================
Received Import Request.
  Time since last request: 0.000072 seconds.
  path: Assets/Cursors/Cursors 64/Cursor_Deff.png
  artifactKey: Guid(4d7a184375189d042b0669052b5cee9f) Importer(815301076,1909f56bfc062723c751e8b465ee728b)
Start importing Assets/Cursors/Cursors 64/Cursor_Deff.png using Guid(4d7a184375189d042b0669052b5cee9f) Importer(815301076,1909f56bfc062723c751e8b465ee728b)  -> (artifact id: 'f107246068b2e8456415b006a8317694') in 0.007824 seconds 
========================================================================
Received Import Request.
  Time since last request: 0.000062 seconds.
  path: Assets/Cursors/Cursors 64/Cursor_Attack_G.png
  artifactKey: Guid(b80e9b7703abc3c4384eaf14b27be27d) Importer(815301076,1909f56bfc062723c751e8b465ee728b)
Start importing Assets/Cursors/Cursors 64/Cursor_Attack_G.png using Guid(b80e9b7703abc3c4384eaf14b27be27d) Importer(815301076,1909f56bfc062723c751e8b465ee728b)  -> (artifact id: 'f7d3dccca0a65b4d60633d659ef86643') in 0.011064 seconds 
========================================================================
Received Import Request.
  Time since last request: 0.000043 seconds.
  path: Assets/Cursors/Cursors 64/Cursor_Basic2_R.png
  artifactKey: Guid(ce5dc72a2c53d5e49917ae08ad7172d5) Importer(815301076,1909f56bfc062723c751e8b465ee728b)
Start importing Assets/Cursors/Cursors 64/Cursor_Basic2_R.png using Guid(ce5dc72a2c53d5e49917ae08ad7172d5) Importer(815301076,1909f56bfc062723c751e8b465ee728b)  -> (artifact id: 'fbf1224a98b8fedeb2ffa4f9f73b40e0') in 0.008532 seconds 
========================================================================
Received Import Request.
  Time since last request: 0.000123 seconds.
  path: Assets/Cursors/Cursors 64/Cursor_Flask.png
  artifactKey: Guid(3c91d4a027422ac4a8f2152a853d036a) Importer(815301076,1909f56bfc062723c751e8b465ee728b)
Start importing Assets/Cursors/Cursors 64/Cursor_Flask.png using Guid(3c91d4a027422ac4a8f2152a853d036a) Importer(815301076,1909f56bfc062723c751e8b465ee728b)  -> (artifact id: 'ffc6ea5437012517c3c663ccb80f7d50') in 0.009345 seconds 
========================================================================
Received Import Request.
  Time since last request: 13.557697 seconds.
  path: Assets/Useful Stuff/FilesForUi - Other Tools/Fonts-Ui
  artifactKey: Guid(a993c0c3c45610e41bb27195ef8d738d) Importer(815301076,1909f56bfc062723c751e8b465ee728b)
Start importing Assets/Useful Stuff/FilesForUi - Other Tools/Fonts-Ui using Guid(a993c0c3c45610e41bb27195ef8d738d) Importer(815301076,1909f56bfc062723c751e8b465ee728b)  -> (artifact id: '0849dee2e8d639de6baf1b4c05cebc05') in 0.001247 seconds 
========================================================================
Received Import Request.
  Time since last request: 0.049273 seconds.
  path: Assets/Useful Stuff/FilesForUi - Other Tools/Fonts-Ui/Screenshot (6).png
  artifactKey: Guid(6777468e0c3bc784ebe7229f413ba7b6) Importer(815301076,1909f56bfc062723c751e8b465ee728b)
Start importing Assets/Useful Stuff/FilesForUi - Other Tools/Fonts-Ui/Screenshot (6).png using Guid(6777468e0c3bc784ebe7229f413ba7b6) Importer(815301076,1909f56bfc062723c751e8b465ee728b)  -> (artifact id: '9771a6604404a10ba3877fbff34a5bb1') in 0.132973 seconds 
========================================================================
Received Import Request.
  Time since last request: 1.160728 seconds.
  path: Assets/Useful Stuff/FilesForUi - Other Tools/Fonts-Ui/RPG_UI
  artifactKey: Guid(0cffe80c0a9441b4698f867e761c21f1) Importer(815301076,1909f56bfc062723c751e8b465ee728b)
Start importing Assets/Useful Stuff/FilesForUi - Other Tools/Fonts-Ui/RPG_UI using Guid(0cffe80c0a9441b4698f867e761c21f1) Importer(815301076,1909f56bfc062723c751e8b465ee728b)  -> (artifact id: '62f09bbfb323bde9957504a6fe01f36e') in 0.002882 seconds 
========================================================================
Received Import Request.
  Time since last request: 0.057560 seconds.
  path: Assets/Useful Stuff/FilesForUi - Other Tools/Fonts-Ui/RPG_UI/AcceptOff.png
  artifactKey: Guid(ef1d90f1adfabc6449ddef0b83890f53) Importer(815301076,1909f56bfc062723c751e8b465ee728b)
Start importing Assets/Useful Stuff/FilesForUi - Other Tools/Fonts-Ui/RPG_UI/AcceptOff.png using Guid(ef1d90f1adfabc6449ddef0b83890f53) Importer(815301076,1909f56bfc062723c751e8b465ee728b)  -> (artifact id: '521b8f4844694f9a65e0815404640216') in 0.014250 seconds 
========================================================================
Received Import Request.
  Time since last request: 0.000068 seconds.
  path: Assets/Useful Stuff/FilesForUi - Other Tools/Fonts-Ui/RPG_UI/CharacterBG.png
  artifactKey: Guid(36e5aeef39de2144cb766133ae079ede) Importer(815301076,1909f56bfc062723c751e8b465ee728b)
Start importing Assets/Useful Stuff/FilesForUi - Other Tools/Fonts-Ui/RPG_UI/CharacterBG.png using Guid(36e5aeef39de2144cb766133ae079ede) Importer(815301076,1909f56bfc062723c751e8b465ee728b)  -> (artifact id: 'c98b7257d2430bafe72fefe76618f4fc') in 0.022377 seconds 
========================================================================
Received Import Request.
  Time since last request: 0.000054 seconds.
  path: Assets/Useful Stuff/FilesForUi - Other Tools/Fonts-Ui/RPG_UI/Background.png
  artifactKey: Guid(8e95f337c40b7e14bb0f44fde46f5cb0) Importer(815301076,1909f56bfc062723c751e8b465ee728b)
Start importing Assets/Useful Stuff/FilesForUi - Other Tools/Fonts-Ui/RPG_UI/Background.png using Guid(8e95f337c40b7e14bb0f44fde46f5cb0) Importer(815301076,1909f56bfc062723c751e8b465ee728b)  -> (artifact id: '431e3262922f0ef3e7e30f23bba6ae37') in 0.009021 seconds 
========================================================================
Received Import Request.
  Time since last request: 0.000112 seconds.
  path: Assets/Useful Stuff/FilesForUi - Other Tools/Fonts-Ui/RPG_UI/Name.png
  artifactKey: Guid(e99d70d154c289e4d9886d4d1b63a014) Importer(815301076,1909f56bfc062723c751e8b465ee728b)
Start importing Assets/Useful Stuff/FilesForUi - Other Tools/Fonts-Ui/RPG_UI/Name.png using Guid(e99d70d154c289e4d9886d4d1b63a014) Importer(815301076,1909f56bfc062723c751e8b465ee728b)  -> (artifact id: 'a88a9700192fad201b6cea38e6b5a2a9') in 0.008597 seconds 
========================================================================
Received Import Request.
  Time since last request: 348.843026 seconds.
  path: Assets/Useful Stuff/FilesForUi - Other Tools/Fonts-Ui/RPG_UI/AcceptOff.png
  artifactKey: Guid(ef1d90f1adfabc6449ddef0b83890f53) Importer(815301076,1909f56bfc062723c751e8b465ee728b)
Start importing Assets/Useful Stuff/FilesForUi - Other Tools/Fonts-Ui/RPG_UI/AcceptOff.png using Guid(ef1d90f1adfabc6449ddef0b83890f53) Importer(815301076,1909f56bfc062723c751e8b465ee728b)  -> (artifact id: '8eea091857e3c77b2e8667954a9fe6f7') in 0.024328 seconds 
========================================================================
Received Import Request.
  Time since last request: 0.177750 seconds.
  path: Assets/Useful Stuff/FilesForUi - Other Tools/Fonts-Ui/RPG_UI/AcceptOn.png
  artifactKey: Guid(86f78fcdb9f355c42b14a0fdb56016c2) Importer(815301076,1909f56bfc062723c751e8b465ee728b)
Start importing Assets/Useful Stuff/FilesForUi - Other Tools/Fonts-Ui/RPG_UI/AcceptOn.png using Guid(86f78fcdb9f355c42b14a0fdb56016c2) Importer(815301076,1909f56bfc062723c751e8b465ee728b)  -> (artifact id: 'e465f00e2ffc7242e2c0d3a554d1bf89') in 0.033394 seconds 
========================================================================
Received Import Request.
  Time since last request: 0.000055 seconds.
  path: Assets/Useful Stuff/FilesForUi - Other Tools/Fonts-Ui/RPG_UI/ChooseText.png
  artifactKey: Guid(bfab74031f5263846b8793b732ab907a) Importer(815301076,1909f56bfc062723c751e8b465ee728b)
Start importing Assets/Useful Stuff/FilesForUi - Other Tools/Fonts-Ui/RPG_UI/ChooseText.png using Guid(bfab74031f5263846b8793b732ab907a) Importer(815301076,1909f56bfc062723c751e8b465ee728b)  -> (artifact id: '47fc332015b64e9bd7e3ce8d9e2160ce') in 0.036640 seconds 
========================================================================
Received Import Request.
  Time since last request: 0.000039 seconds.
  path: Assets/Useful Stuff/FilesForUi - Other Tools/Fonts-Ui/RPG_UI/CharacterBG.png
  artifactKey: Guid(36e5aeef39de2144cb766133ae079ede) Importer(815301076,1909f56bfc062723c751e8b465ee728b)
Start importing Assets/Useful Stuff/FilesForUi - Other Tools/Fonts-Ui/RPG_UI/CharacterBG.png using Guid(36e5aeef39de2144cb766133ae079ede) Importer(815301076,1909f56bfc062723c751e8b465ee728b)  -> (artifact id: '924a20c2d40a22ca1b1d99bda031d09e') in 0.072690 seconds 
========================================================================
Received Import Request.
  Time since last request: 0.000041 seconds.
  path: Assets/Useful Stuff/FilesForUi - Other Tools/Fonts-Ui/RPG_UI/NextButtonOn.png
  artifactKey: Guid(e2adbcdd5ebf3e344b057a84893b9bb3) Importer(815301076,1909f56bfc062723c751e8b465ee728b)
Start importing Assets/Useful Stuff/FilesForUi - Other Tools/Fonts-Ui/RPG_UI/NextButtonOn.png using Guid(e2adbcdd5ebf3e344b057a84893b9bb3) Importer(815301076,1909f56bfc062723c751e8b465ee728b)  -> (artifact id: '5f0e5c62fe45e4739e95c0ecad6a9cc9') in 0.010023 seconds 
========================================================================
Received Import Request.
  Time since last request: 0.000068 seconds.
  path: Assets/Useful Stuff/FilesForUi - Other Tools/Fonts-Ui/RPG_UI/Name.png
  artifactKey: Guid(e99d70d154c289e4d9886d4d1b63a014) Importer(815301076,1909f56bfc062723c751e8b465ee728b)
Start importing Assets/Useful Stuff/FilesForUi - Other Tools/Fonts-Ui/RPG_UI/Name.png using Guid(e99d70d154c289e4d9886d4d1b63a014) Importer(815301076,1909f56bfc062723c751e8b465ee728b)  -> (artifact id: '55429dcd85d91e45011b563ba43f5272') in 0.011154 seconds 
========================================================================
Received Import Request.
  Time since last request: 0.000054 seconds.
  path: Assets/Useful Stuff/FilesForUi - Other Tools/Fonts-Ui/RPG_UI/NextButtonOff.png
  artifactKey: Guid(89547896201174344a1b7702e1971ad6) Importer(815301076,1909f56bfc062723c751e8b465ee728b)
Start importing Assets/Useful Stuff/FilesForUi - Other Tools/Fonts-Ui/RPG_UI/NextButtonOff.png using Guid(89547896201174344a1b7702e1971ad6) Importer(815301076,1909f56bfc062723c751e8b465ee728b)  -> (artifact id: 'b16b6628b09870eedb484bd021a60530') in 0.009976 seconds 
Editor requested this worker to shutdown with reason: Scaling down because of idle timeout
AssetImportWorker is now disconnected from the server
Process exiting
