Using pre-set license
Built from '2021.3/staging' branch; Version is '2021.3.25f1 (68ef2c4f8861) revision 6876972'; Using compiler version '192829333'; Build Type 'Release'
OS: 'Windows 11  (10.0.22621) 64bit Professional' Language: 'en' Physical Memory: 16334 MB
BatchMode: 1, IsHumanControllingUs: 0, StartBugReporterOnCrash: 0, Is64bit: 1, IsPro: 1

COMMAND LINE ARGUMENTS:
X:\2021.3.25f1\Editor\Unity.exe
-adb2
-batchMode
-noUpm
-name
AssetImportWorker9
-projectPath
X:/GitHub/My_RPG
-logFile
Logs/AssetImportWorker9.log
-srvPort
50109
Successfully changed project path to: X:/GitHub/My_RPG
X:/GitHub/My_RPG
[UnityMemory] Configuration Parameters - Can be set up in boot.config
    "memorysetup-bucket-allocator-granularity=16"
    "memorysetup-bucket-allocator-bucket-count=8"
    "memorysetup-bucket-allocator-block-size=33554432"
    "memorysetup-bucket-allocator-block-count=8"
    "memorysetup-main-allocator-block-size=16777216"
    "memorysetup-thread-allocator-block-size=16777216"
    "memorysetup-gfx-main-allocator-block-size=16777216"
    "memorysetup-gfx-thread-allocator-block-size=16777216"
    "memorysetup-cache-allocator-block-size=4194304"
    "memorysetup-typetree-allocator-block-size=2097152"
    "memorysetup-profiler-bucket-allocator-granularity=16"
    "memorysetup-profiler-bucket-allocator-bucket-count=8"
    "memorysetup-profiler-bucket-allocator-block-size=33554432"
    "memorysetup-profiler-bucket-allocator-block-count=8"
    "memorysetup-profiler-allocator-block-size=16777216"
    "memorysetup-profiler-editor-allocator-block-size=1048576"
    "memorysetup-temp-allocator-size-main=16777216"
    "memorysetup-job-temp-allocator-block-size=2097152"
    "memorysetup-job-temp-allocator-block-size-background=1048576"
    "memorysetup-job-temp-allocator-reduction-small-platforms=262144"
    "memorysetup-temp-allocator-size-background-worker=32768"
    "memorysetup-temp-allocator-size-job-worker=262144"
    "memorysetup-temp-allocator-size-preload-manager=33554432"
    "memorysetup-temp-allocator-size-nav-mesh-worker=65536"
    "memorysetup-temp-allocator-size-audio-worker=65536"
    "memorysetup-temp-allocator-size-cloud-worker=32768"
    "memorysetup-temp-allocator-size-gi-baking-worker=262144"
    "memorysetup-temp-allocator-size-gfx=262144"
Player connection [18976] Host "[IP] 192.168.56.1 [Port] 0 [Flags] 2 [Guid] 3034736057 [EditorId] 3034736057 [Version] 1048832 [Id] WindowsEditor(7,Teo) [Debug] 1 [PackageName] WindowsEditor [ProjectName] Editor" joined multi-casting on [225.0.0.222:54997]...

Player connection [18976] Host "[IP] 192.168.56.1 [Port] 0 [Flags] 2 [Guid] 3034736057 [EditorId] 3034736057 [Version] 1048832 [Id] WindowsEditor(7,Teo) [Debug] 1 [PackageName] WindowsEditor [ProjectName] Editor" joined alternative multi-casting on [225.0.0.222:34997]...

Refreshing native plugins compatible for Editor in 169.69 ms, found 5 plugins.
Preloading 0 native plugins for Editor in 0.00 ms.
Initialize engine version: 2021.3.25f1 (68ef2c4f8861)
[Subsystems] Discovering subsystems at path X:/2021.3.25f1/Editor/Data/Resources/UnitySubsystems
[Subsystems] Discovering subsystems at path X:/GitHub/My_RPG/Assets
GfxDevice: creating device client; threaded=0; jobified=0
Direct3D:
    Version:  Direct3D 11.0 [level 11.1]
    Renderer: Radeon RX 580 Series (ID=0x67df)
    Vendor:   ATI
    VRAM:     4074 MB
    Driver:   31.0.21902.5
Initialize mono
Mono path[0] = 'X:/2021.3.25f1/Editor/Data/Managed'
Mono path[1] = 'X:/2021.3.25f1/Editor/Data/MonoBleedingEdge/lib/mono/unityjit-win32'
Mono config path = 'X:/2021.3.25f1/Editor/Data/MonoBleedingEdge/etc'
Using monoOptions --debugger-agent=transport=dt_socket,embedding=1,server=y,suspend=n,address=127.0.0.1:56756
Begin MonoManager ReloadAssembly
Registering precompiled unity dll's ...
Register platform support module: X:/2021.3.25f1/Editor/Data/PlaybackEngines/WindowsStandaloneSupport/UnityEditor.WindowsStandalone.Extensions.dll
Registered in 0.002053 seconds.
Native extension for WindowsStandalone target not found
Refreshing native plugins compatible for Editor in 149.55 ms, found 5 plugins.
Preloading 0 native plugins for Editor in 0.00 ms.
Mono: successfully reloaded assembly
- Completed reload, in  0.846 seconds
Domain Reload Profiling:
	ReloadAssembly (847ms)
		BeginReloadAssembly (125ms)
			ExecutionOrderSort (0ms)
			DisableScriptedObjects (0ms)
			BackupInstance (0ms)
			ReleaseScriptingObjects (0ms)
			CreateAndSetChildDomain (1ms)
		EndReloadAssembly (615ms)
			LoadAssemblies (124ms)
			RebuildTransferFunctionScriptingTraits (0ms)
			SetupTypeCache (128ms)
			ReleaseScriptCaches (0ms)
			RebuildScriptCaches (31ms)
			SetupLoadedEditorAssemblies (394ms)
				LogAssemblyErrors (0ms)
				InitializePlatformSupportModulesInManaged (7ms)
				SetLoadedEditorAssemblies (0ms)
				RefreshPlugins (150ms)
				BeforeProcessingInitializeOnLoad (2ms)
				ProcessInitializeOnLoadAttributes (166ms)
				ProcessInitializeOnLoadMethodAttributes (70ms)
				AfterProcessingInitializeOnLoad (0ms)
				EditorAssembliesLoaded (0ms)
			ExecutionOrderSort2 (0ms)
			AwakeInstancesAfterBackupRestoration (0ms)
Platform modules already initialized, skipping
Registering precompiled user dll's ...
Registered in 0.009225 seconds.
Begin MonoManager ReloadAssembly
Symbol file LoadedFromMemory doesn't match image X:\GitHub\My_RPG\Library\PackageCache\com.unity.visualscripting@1.8.0\Editor\VisualScripting.Core\Dependencies\YamlDotNet\Unity.VisualScripting.YamlDotNet.dll
Symbol file LoadedFromMemory doesn't match image X:\GitHub\My_RPG\Library\PackageCache\com.unity.visualscripting@1.8.0\Editor\VisualScripting.Core\Dependencies\DotNetZip\Unity.VisualScripting.IonicZip.dll
Native extension for WindowsStandalone target not found
Refreshing native plugins compatible for Editor in 152.21 ms, found 5 plugins.
Preloading 0 native plugins for Editor in 0.00 ms.
Mono: successfully reloaded assembly
- Completed reload, in  2.952 seconds
Domain Reload Profiling:
	ReloadAssembly (2953ms)
		BeginReloadAssembly (155ms)
			ExecutionOrderSort (0ms)
			DisableScriptedObjects (7ms)
			BackupInstance (0ms)
			ReleaseScriptingObjects (0ms)
			CreateAndSetChildDomain (20ms)
		EndReloadAssembly (2679ms)
			LoadAssemblies (152ms)
			RebuildTransferFunctionScriptingTraits (0ms)
			SetupTypeCache (399ms)
			ReleaseScriptCaches (1ms)
			RebuildScriptCaches (81ms)
			SetupLoadedEditorAssemblies (2026ms)
				LogAssemblyErrors (0ms)
				InitializePlatformSupportModulesInManaged (3ms)
				SetLoadedEditorAssemblies (0ms)
				RefreshPlugins (152ms)
				BeforeProcessingInitializeOnLoad (121ms)
				ProcessInitializeOnLoadAttributes (1659ms)
				ProcessInitializeOnLoadMethodAttributes (87ms)
				AfterProcessingInitializeOnLoad (3ms)
				EditorAssembliesLoaded (0ms)
			ExecutionOrderSort2 (0ms)
			AwakeInstancesAfterBackupRestoration (10ms)
Platform modules already initialized, skipping
========================================================================
Worker process is ready to serve import requests
Launched and connected shader compiler UnityShaderCompiler.exe after 0.16 seconds
Refreshing native plugins compatible for Editor in 1.32 ms, found 5 plugins.
Preloading 0 native plugins for Editor in 0.00 ms.
Unloading 5803 Unused Serialized files (Serialized files now loaded: 0)
Unloading 69 unused Assets / (3.4 MB). Loaded Objects now: 6288.
Memory consumption went from 355.9 MB to 352.5 MB.
Total: 5.104000 ms (FindLiveObjects: 0.556100 ms CreateObjectMapping: 0.283200 ms MarkObjects: 3.362800 ms  DeleteObjects: 0.901000 ms)

AssetImportParameters requested are different than current active one (requested -> active):
  custom:video-decoder-ogg-theora: a1e56fd34408186e4bbccfd4996cb3dc -> 
  custom:container-muxer-webm: aa71ff27fc2769a1b78a27578f13a17b -> 
  custom:container-demuxer-webm: 4f35f7cbe854078d1ac9338744f61a02 -> 
  custom:video-encoder-webm-vp8: eb34c28f22e8b96e1ab97ce403110664 -> 
  custom:video-codec-MediaFoundation-h265: 746d11721c4dcdbdad8f713fa42b33f4 -> 
  custom:audio-encoder-webm-vorbis: bf7c407c2cedff20999df2af8eb42d56 -> 
  custom:framework-win-MediaFoundation: 216162199b28c13a410421893ffa2e32 -> 
  custom:container-demuxer-ogg: 62fdf1f143b41e24485cea50d1cbac27 -> 
  custom:video-decoder-webm-vp8: 9c59270c3fd7afecdb556c50c9e8de78 -> 
  custom:audio-decoder-ogg-vorbis: bf7c407c2cedff20999df2af8eb42d56 -> 
========================================================================
Received Import Request.
  Time since last request: 4698.064251 seconds.
  path: Assets/Prefabs/Trees (Japanese)/JapaneseGardenPackage/Textures/brocco_jg_wet_pebbles.jpg
  artifactKey: Guid(43a8cebf68734c3d4a896da60dd13c3a) Importer(815301076,1909f56bfc062723c751e8b465ee728b)
Start importing Assets/Prefabs/Trees (Japanese)/JapaneseGardenPackage/Textures/brocco_jg_wet_pebbles.jpg using Guid(43a8cebf68734c3d4a896da60dd13c3a) Importer(815301076,1909f56bfc062723c751e8b465ee728b)  -> (artifact id: '4653f0cb0d9359ca43a3122d4c64dfb5') in 0.246035 seconds 
========================================================================
Received Import Request.
  Time since last request: 0.000053 seconds.
  path: Assets/Prefabs/Trees (Japanese)/JapaneseGardenPackage/Prefabs/BlackPineTree_E_Textures/shadow.png
  artifactKey: Guid(6dbdfe0bc2d7db79fa43c6cff440cf35) Importer(815301076,1909f56bfc062723c751e8b465ee728b)
Start importing Assets/Prefabs/Trees (Japanese)/JapaneseGardenPackage/Prefabs/BlackPineTree_E_Textures/shadow.png using Guid(6dbdfe0bc2d7db79fa43c6cff440cf35) Importer(815301076,1909f56bfc062723c751e8b465ee728b)  -> (artifact id: '4f4012b8de16cfe67841630c8f53affe') in 0.012940 seconds 
========================================================================
Received Import Request.
  Time since last request: 0.000042 seconds.
  path: Assets/Ground Textures/Ground textures pack/Ground & rocks 02/preview.jpg
  artifactKey: Guid(54092c753f93b1c42b7b1cd5f3333f93) Importer(815301076,1909f56bfc062723c751e8b465ee728b)
Start importing Assets/Ground Textures/Ground textures pack/Ground & rocks 02/preview.jpg using Guid(54092c753f93b1c42b7b1cd5f3333f93) Importer(815301076,1909f56bfc062723c751e8b465ee728b)  -> (artifact id: '57f9ed26fd65b8a4b0638219f2397600') in 0.356371 seconds 
========================================================================
Received Import Request.
  Time since last request: 0.000029 seconds.
  path: Assets/Ground Textures/Free Stylized Textures/Textures/Planks_Wood_16/Planks_Wood_16_Albedo.png
  artifactKey: Guid(b6c9087391f197c409d0b79d433220c5) Importer(815301076,1909f56bfc062723c751e8b465ee728b)
Start importing Assets/Ground Textures/Free Stylized Textures/Textures/Planks_Wood_16/Planks_Wood_16_Albedo.png using Guid(b6c9087391f197c409d0b79d433220c5) Importer(815301076,1909f56bfc062723c751e8b465ee728b)  -> (artifact id: '2e7af1e64bf94eb8e9c51f061ef20622') in 0.199823 seconds 
========================================================================
Received Import Request.
  Time since last request: 0.000036 seconds.
  path: Assets/Prefabs/Trees (Japanese)/JapaneseGardenPackage/Prefabs/JapaneseMapleTree_B_Textures/shadow.png
  artifactKey: Guid(703edf4117f908d2982787ee4b3c5fdd) Importer(815301076,1909f56bfc062723c751e8b465ee728b)
Start importing Assets/Prefabs/Trees (Japanese)/JapaneseGardenPackage/Prefabs/JapaneseMapleTree_B_Textures/shadow.png using Guid(703edf4117f908d2982787ee4b3c5fdd) Importer(815301076,1909f56bfc062723c751e8b465ee728b)  -> (artifact id: 'b4cf4c2f519a8a89140be32625d90b79') in 0.006935 seconds 
========================================================================
Received Import Request.
  Time since last request: 0.000025 seconds.
  path: Packages/com.unity.collab-proxy/Editor/PlasticSCM/Assets/Images/iconplasticview.png
  artifactKey: Guid(dcb2ee37925b97e438ae244996d81a55) Importer(815301076,1909f56bfc062723c751e8b465ee728b)
Start importing Packages/com.unity.collab-proxy/Editor/PlasticSCM/Assets/Images/iconplasticview.png using Guid(dcb2ee37925b97e438ae244996d81a55) Importer(815301076,1909f56bfc062723c751e8b465ee728b)  -> (artifact id: '57125c4f58274611e341a99e045c3d57') in 0.295925 seconds 
========================================================================
Received Import Request.
  Time since last request: 0.000029 seconds.
  path: Assets/Ground Textures/Ground textures pack/Grass & rocks/preview.jpg
  artifactKey: Guid(8d88ad474360045458b4fb808dbb4ac9) Importer(815301076,1909f56bfc062723c751e8b465ee728b)
Start importing Assets/Ground Textures/Ground textures pack/Grass & rocks/preview.jpg using Guid(8d88ad474360045458b4fb808dbb4ac9) Importer(815301076,1909f56bfc062723c751e8b465ee728b)  -> (artifact id: '0d6663c0996fa7e4536606a8de8c816f') in 0.280301 seconds 
========================================================================
Received Import Request.
  Time since last request: 0.000034 seconds.
  path: Assets/Useful Stuff/Piloto Studio/Textures/Flare_Glowdot.png
  artifactKey: Guid(c5a2c4ede3a972e46b11c62b98975f9f) Importer(815301076,1909f56bfc062723c751e8b465ee728b)
Start importing Assets/Useful Stuff/Piloto Studio/Textures/Flare_Glowdot.png using Guid(c5a2c4ede3a972e46b11c62b98975f9f) Importer(815301076,1909f56bfc062723c751e8b465ee728b)  -> (artifact id: 'ae00f00e3f089ee878c707ef3954aa41') in 0.231634 seconds 
========================================================================
Received Import Request.
  Time since last request: 0.000026 seconds.
  path: Assets/Ground Textures/Ground textures pack/Grass 04/preview.jpg
  artifactKey: Guid(023e18c83e08fe848a850693dc1cf60a) Importer(815301076,1909f56bfc062723c751e8b465ee728b)
Start importing Assets/Ground Textures/Ground textures pack/Grass 04/preview.jpg using Guid(023e18c83e08fe848a850693dc1cf60a) Importer(815301076,1909f56bfc062723c751e8b465ee728b)  -> (artifact id: '7d03ca2ea85d8a0138a2342a033cea4a') in 0.268097 seconds 
========================================================================
Received Import Request.
  Time since last request: 3.068187 seconds.
  path: Assets/Prefabs/Trees (Japanese)/JapaneseGardenPackage/Prefabs/BlackPineTree_E_Textures/atlas.png
  artifactKey: Guid(250b79741c77715909633cbf8dc0a064) Importer(815301076,1909f56bfc062723c751e8b465ee728b)
Start importing Assets/Prefabs/Trees (Japanese)/JapaneseGardenPackage/Prefabs/BlackPineTree_E_Textures/atlas.png using Guid(250b79741c77715909633cbf8dc0a064) Importer(815301076,1909f56bfc062723c751e8b465ee728b)  -> (artifact id: '163694d359bcf0306feb656270d410c3') in 0.020545 seconds 
========================================================================
Received Import Request.
  Time since last request: 0.000026 seconds.
  path: Assets/Prefabs/Trees (Japanese)/JapaneseGardenPackage/Prefabs/JapaneseMapleTree_B_Textures/billboard_normal.png
  artifactKey: Guid(260c8f22e8d7ca241b14df2e3edb3861) Importer(815301076,1909f56bfc062723c751e8b465ee728b)
Start importing Assets/Prefabs/Trees (Japanese)/JapaneseGardenPackage/Prefabs/JapaneseMapleTree_B_Textures/billboard_normal.png using Guid(260c8f22e8d7ca241b14df2e3edb3861) Importer(815301076,1909f56bfc062723c751e8b465ee728b)  -> (artifact id: '6f6b169981dff4b6d269dee85f07ce2e') in 0.203712 seconds 
========================================================================
Received Import Request.
  Time since last request: 0.000037 seconds.
  path: Assets/Prefabs/Trees (Japanese)/JapaneseGardenPackage/Prefabs/JapaneseMapleTree_B_Textures/atlas.png
  artifactKey: Guid(bd85f1c5d5ef4c19f98cffa8baf6b620) Importer(815301076,1909f56bfc062723c751e8b465ee728b)
Start importing Assets/Prefabs/Trees (Japanese)/JapaneseGardenPackage/Prefabs/JapaneseMapleTree_B_Textures/atlas.png using Guid(bd85f1c5d5ef4c19f98cffa8baf6b620) Importer(815301076,1909f56bfc062723c751e8b465ee728b)  -> (artifact id: '737e8da0dedf8378efcf637b567b3e6b') in 0.014490 seconds 
========================================================================
Received Import Request.
  Time since last request: 0.000033 seconds.
  path: Assets/Prefabs/Trees (Japanese)/JapaneseGardenPackage/Prefabs/BlackPineTree_C_Textures/billboard_normal.png
  artifactKey: Guid(f612cd4f9e52e3384b034a6dc9104b08) Importer(815301076,1909f56bfc062723c751e8b465ee728b)
Start importing Assets/Prefabs/Trees (Japanese)/JapaneseGardenPackage/Prefabs/BlackPineTree_C_Textures/billboard_normal.png using Guid(f612cd4f9e52e3384b034a6dc9104b08) Importer(815301076,1909f56bfc062723c751e8b465ee728b)  -> (artifact id: '8db1690e3dc1eed30ecc4d54a4086419') in 0.015140 seconds 
========================================================================
Received Import Request.
  Time since last request: 0.000024 seconds.
  path: Assets/Prefabs/Trees (Japanese)/JapaneseGardenPackage/Prefabs/SakuraTree_C_Textures/bark.png
  artifactKey: Guid(d83cee36067f80330a102080c20b44fa) Importer(815301076,1909f56bfc062723c751e8b465ee728b)
Start importing Assets/Prefabs/Trees (Japanese)/JapaneseGardenPackage/Prefabs/SakuraTree_C_Textures/bark.png using Guid(d83cee36067f80330a102080c20b44fa) Importer(815301076,1909f56bfc062723c751e8b465ee728b)  -> (artifact id: '5424d3ef2e043c18287c48b91232295b') in 0.016094 seconds 
========================================================================
Received Import Request.
  Time since last request: 0.000027 seconds.
  path: Assets/Prefabs/Trees (Japanese)/JapaneseGardenPackage/Prefabs/SakuraTree_B_Textures/billboard.png
  artifactKey: Guid(0fa216364cadfa55f9b83ff5c84455a3) Importer(815301076,1909f56bfc062723c751e8b465ee728b)
Start importing Assets/Prefabs/Trees (Japanese)/JapaneseGardenPackage/Prefabs/SakuraTree_B_Textures/billboard.png using Guid(0fa216364cadfa55f9b83ff5c84455a3) Importer(815301076,1909f56bfc062723c751e8b465ee728b)  -> (artifact id: '89b64290e1d667b58a1dc772fd5be84f') in 0.016880 seconds 
========================================================================
Received Import Request.
  Time since last request: 0.000031 seconds.
  path: Assets/Prefabs/Trees (Japanese)/JapaneseGardenPackage/Prefabs/JapaneseMapleTree_D_Textures/billboard.png
  artifactKey: Guid(0d4e65431e057a216b6d444ce226ac7b) Importer(815301076,1909f56bfc062723c751e8b465ee728b)
Start importing Assets/Prefabs/Trees (Japanese)/JapaneseGardenPackage/Prefabs/JapaneseMapleTree_D_Textures/billboard.png using Guid(0d4e65431e057a216b6d444ce226ac7b) Importer(815301076,1909f56bfc062723c751e8b465ee728b)  -> (artifact id: '102f6516ae0ec0f76c89f48571f1ef8d') in 0.016620 seconds 
========================================================================
Received Import Request.
  Time since last request: 0.000027 seconds.
  path: Assets/Prefabs/Trees (Japanese)/JapaneseGardenPackage/Prefabs/SakuraTree_E_Textures/atlas.png
  artifactKey: Guid(1c55b5fe909bc4c72ac7414e4dd607c7) Importer(815301076,1909f56bfc062723c751e8b465ee728b)
Start importing Assets/Prefabs/Trees (Japanese)/JapaneseGardenPackage/Prefabs/SakuraTree_E_Textures/atlas.png using Guid(1c55b5fe909bc4c72ac7414e4dd607c7) Importer(815301076,1909f56bfc062723c751e8b465ee728b)  -> (artifact id: '680e525f46b937af28e0c3cca45989b2') in 0.014969 seconds 
========================================================================
Received Import Request.
  Time since last request: 0.000031 seconds.
  path: Assets/Prefabs/Trees (Japanese)/JapaneseGardenPackage/Prefabs/BlackPineTree_B_Textures/billboard_normal.png
  artifactKey: Guid(0ee36352c91e1fb1087c8199c9be2fb7) Importer(815301076,1909f56bfc062723c751e8b465ee728b)
Start importing Assets/Prefabs/Trees (Japanese)/JapaneseGardenPackage/Prefabs/BlackPineTree_B_Textures/billboard_normal.png using Guid(0ee36352c91e1fb1087c8199c9be2fb7) Importer(815301076,1909f56bfc062723c751e8b465ee728b)  -> (artifact id: '77a32caca8222747dd3c620d75be975e') in 0.209422 seconds 
========================================================================
Received Import Request.
  Time since last request: 0.000031 seconds.
  path: Assets/Prefabs/Trees (Japanese)/JapaneseGardenPackage/Prefabs/BlackPineTree_B_Textures/bark.png
  artifactKey: Guid(8453cc28ee6c9ab5c911cd4df78a4270) Importer(815301076,1909f56bfc062723c751e8b465ee728b)
Start importing Assets/Prefabs/Trees (Japanese)/JapaneseGardenPackage/Prefabs/BlackPineTree_B_Textures/bark.png using Guid(8453cc28ee6c9ab5c911cd4df78a4270) Importer(815301076,1909f56bfc062723c751e8b465ee728b)  -> (artifact id: '95420f795b19b093d5b310636f346e91') in 0.013687 seconds 
========================================================================
Received Import Request.
  Time since last request: 0.000035 seconds.
  path: Assets/Prefabs/Trees (Japanese)/JapaneseGardenPackage/Prefabs/SakuraTree_C_Textures/billboard.png
  artifactKey: Guid(59fecf9c28dcab7fd8fb66503963b428) Importer(815301076,1909f56bfc062723c751e8b465ee728b)
Start importing Assets/Prefabs/Trees (Japanese)/JapaneseGardenPackage/Prefabs/SakuraTree_C_Textures/billboard.png using Guid(59fecf9c28dcab7fd8fb66503963b428) Importer(815301076,1909f56bfc062723c751e8b465ee728b)  -> (artifact id: 'c28dfa0b396e59ab3531d8c644216fa5') in 0.101786 seconds 
========================================================================
Received Import Request.
  Time since last request: 0.000025 seconds.
  path: Assets/Prefabs/Trees (Japanese)/JapaneseGardenPackage/Prefabs/BlackPineTree_A_Textures/bark.png
  artifactKey: Guid(9507ffcfd9607540eac2189b3be05a07) Importer(815301076,1909f56bfc062723c751e8b465ee728b)
Start importing Assets/Prefabs/Trees (Japanese)/JapaneseGardenPackage/Prefabs/BlackPineTree_A_Textures/bark.png using Guid(9507ffcfd9607540eac2189b3be05a07) Importer(815301076,1909f56bfc062723c751e8b465ee728b)  -> (artifact id: '6400515eb789612f4bef99aef215389f') in 0.018001 seconds 
========================================================================
Received Import Request.
  Time since last request: 0.000020 seconds.
  path: Assets/Prefabs/Trees (Japanese)/JapaneseGardenPackage/Prefabs/SakuraTree_E_Textures/billboard.png
  artifactKey: Guid(d34183f49cdf9dc638b455fe17e6a32b) Importer(815301076,1909f56bfc062723c751e8b465ee728b)
Start importing Assets/Prefabs/Trees (Japanese)/JapaneseGardenPackage/Prefabs/SakuraTree_E_Textures/billboard.png using Guid(d34183f49cdf9dc638b455fe17e6a32b) Importer(815301076,1909f56bfc062723c751e8b465ee728b)  -> (artifact id: '60584258ff234d75c7cdf5a3c7894310') in 0.082518 seconds 
========================================================================
Received Import Request.
  Time since last request: 0.000027 seconds.
  path: Assets/Prefabs/Trees (Japanese)/JapaneseGardenPackage/Prefabs/SakuraTree_D_Textures/bark.png
  artifactKey: Guid(05b73257eff5c3caabbda08aac8ff98a) Importer(815301076,1909f56bfc062723c751e8b465ee728b)
Start importing Assets/Prefabs/Trees (Japanese)/JapaneseGardenPackage/Prefabs/SakuraTree_D_Textures/bark.png using Guid(05b73257eff5c3caabbda08aac8ff98a) Importer(815301076,1909f56bfc062723c751e8b465ee728b)  -> (artifact id: '06e9cdc2bc862f4919824ef9fc396744') in 0.013618 seconds 
========================================================================
Received Import Request.
  Time since last request: 0.000038 seconds.
  path: Assets/Prefabs/Trees (Japanese)/JapaneseGardenPackage/Prefabs/SakuraTree_B_Textures/bark.png
  artifactKey: Guid(baa6fbb098fb365268a7ed4d0f878a25) Importer(815301076,1909f56bfc062723c751e8b465ee728b)
Start importing Assets/Prefabs/Trees (Japanese)/JapaneseGardenPackage/Prefabs/SakuraTree_B_Textures/bark.png using Guid(baa6fbb098fb365268a7ed4d0f878a25) Importer(815301076,1909f56bfc062723c751e8b465ee728b)  -> (artifact id: 'c0c03ecabc7dd9ac528e2599da148ac6') in 0.016056 seconds 
========================================================================
Received Import Request.
  Time since last request: 0.000023 seconds.
  path: Assets/Prefabs/Trees (Japanese)/JapaneseGardenPackage/Prefabs/SakuraTree_A_Textures/billboard_normal.png
  artifactKey: Guid(f89a789be1f4d8bb48031377cb610886) Importer(815301076,1909f56bfc062723c751e8b465ee728b)
Start importing Assets/Prefabs/Trees (Japanese)/JapaneseGardenPackage/Prefabs/SakuraTree_A_Textures/billboard_normal.png using Guid(f89a789be1f4d8bb48031377cb610886) Importer(815301076,1909f56bfc062723c751e8b465ee728b)  -> (artifact id: 'cea69ad085610c0b7f04f416c94110ee') in 0.015322 seconds 
========================================================================
Received Import Request.
  Time since last request: 0.000023 seconds.
  path: Assets/Prefabs/Trees (Japanese)/JapaneseGardenPackage/Prefabs/BlackPineTree_A_Textures/atlas.png
  artifactKey: Guid(1073a3d3b3a93167e9e5376483f66c92) Importer(815301076,1909f56bfc062723c751e8b465ee728b)
Start importing Assets/Prefabs/Trees (Japanese)/JapaneseGardenPackage/Prefabs/BlackPineTree_A_Textures/atlas.png using Guid(1073a3d3b3a93167e9e5376483f66c92) Importer(815301076,1909f56bfc062723c751e8b465ee728b)  -> (artifact id: 'f2ea16cd11c2a9045f4659246925eb01') in 0.013900 seconds 
========================================================================
Received Import Request.
  Time since last request: 0.000026 seconds.
  path: Assets/Prefabs/Trees (Japanese)/JapaneseGardenPackage/Prefabs/JapaneseMapleTree_A_Textures/billboard.png
  artifactKey: Guid(953f471538c4109b8aa0c3adc9386da4) Importer(815301076,1909f56bfc062723c751e8b465ee728b)
Start importing Assets/Prefabs/Trees (Japanese)/JapaneseGardenPackage/Prefabs/JapaneseMapleTree_A_Textures/billboard.png using Guid(953f471538c4109b8aa0c3adc9386da4) Importer(815301076,1909f56bfc062723c751e8b465ee728b)  -> (artifact id: '43307315842a8c1d320cd79ee63e70c5') in 0.014316 seconds 
========================================================================
Received Import Request.
  Time since last request: 0.000031 seconds.
  path: Assets/Prefabs/Trees (Japanese)/JapaneseGardenPackage/Prefabs/BlackPineTree_C_Textures/atlas.png
  artifactKey: Guid(5fa5da2ce14f72503a0d577fa8a0b18d) Importer(815301076,1909f56bfc062723c751e8b465ee728b)
Start importing Assets/Prefabs/Trees (Japanese)/JapaneseGardenPackage/Prefabs/BlackPineTree_C_Textures/atlas.png using Guid(5fa5da2ce14f72503a0d577fa8a0b18d) Importer(815301076,1909f56bfc062723c751e8b465ee728b)  -> (artifact id: '27979cd3eaa86332c62213ec958d94b2') in 0.013400 seconds 
========================================================================
Received Import Request.
  Time since last request: 0.000026 seconds.
  path: Assets/Prefabs/Trees (Japanese)/JapaneseGardenPackage/Prefabs/JapaneseMapleTree_D_Textures/bark.png
  artifactKey: Guid(54f9517a9cffa36679f289ba606dfe0f) Importer(815301076,1909f56bfc062723c751e8b465ee728b)
Start importing Assets/Prefabs/Trees (Japanese)/JapaneseGardenPackage/Prefabs/JapaneseMapleTree_D_Textures/bark.png using Guid(54f9517a9cffa36679f289ba606dfe0f) Importer(815301076,1909f56bfc062723c751e8b465ee728b)  -> (artifact id: '3a0e8937c65b8c78399459d6d8dd4be4') in 0.020060 seconds 
========================================================================
Received Import Request.
  Time since last request: 1.565204 seconds.
  path: Assets/Prefabs/Trees (Japanese)/JapaneseGardenPackage/Textures/Leaves/br_black_pine_leaves.png
  artifactKey: Guid(f2bf797cf7f2048e09289b9438fd6bfb) Importer(815301076,1909f56bfc062723c751e8b465ee728b)
Start importing Assets/Prefabs/Trees (Japanese)/JapaneseGardenPackage/Textures/Leaves/br_black_pine_leaves.png using Guid(f2bf797cf7f2048e09289b9438fd6bfb) Importer(815301076,1909f56bfc062723c751e8b465ee728b)  -> (artifact id: '595d358d5a8129999bf9d8a208b863b1') in 0.135817 seconds 
========================================================================
Received Import Request.
  Time since last request: 0.000030 seconds.
  path: Assets/Prefabs/Trees (Japanese)/JapaneseGardenPackage/Textures/brocco_jg_grass_01.jpg
  artifactKey: Guid(c18478a6da1be4c3ead98c95909a392b) Importer(815301076,1909f56bfc062723c751e8b465ee728b)
Start importing Assets/Prefabs/Trees (Japanese)/JapaneseGardenPackage/Textures/brocco_jg_grass_01.jpg using Guid(c18478a6da1be4c3ead98c95909a392b) Importer(815301076,1909f56bfc062723c751e8b465ee728b)  -> (artifact id: 'aa403f42386599cdeafccfe82236d9cf') in 0.142123 seconds 
========================================================================
Received Import Request.
  Time since last request: 0.000049 seconds.
  path: Assets/Prefabs/Trees (Japanese)/JapaneseGardenPackage/Textures/CalibrationFloorLightDiffuse.png
  artifactKey: Guid(4eaa43c4d7770fe708e4c7b884f09e71) Importer(815301076,1909f56bfc062723c751e8b465ee728b)
Start importing Assets/Prefabs/Trees (Japanese)/JapaneseGardenPackage/Textures/CalibrationFloorLightDiffuse.png using Guid(4eaa43c4d7770fe708e4c7b884f09e71) Importer(815301076,1909f56bfc062723c751e8b465ee728b)  -> (artifact id: '240e9c8f28f5f75c66973bd928b5ce2f') in 0.122423 seconds 
========================================================================
Received Import Request.
  Time since last request: 0.000025 seconds.
  path: Assets/Prefabs/Trees (Japanese)/JapaneseGardenPackage/Textures/brocco_jg_pebbles.jpg
  artifactKey: Guid(d9bc61b9ae839da0d8aaef83d8043d40) Importer(815301076,1909f56bfc062723c751e8b465ee728b)
Start importing Assets/Prefabs/Trees (Japanese)/JapaneseGardenPackage/Textures/brocco_jg_pebbles.jpg using Guid(d9bc61b9ae839da0d8aaef83d8043d40) Importer(815301076,1909f56bfc062723c751e8b465ee728b)  -> (artifact id: '4a0ff6da62b7829fbef0ac8bfe034cf6') in 0.121367 seconds 
========================================================================
Received Import Request.
  Time since last request: 0.000029 seconds.
  path: Assets/Prefabs/Trees (Japanese)/JapaneseGardenPackage/Textures/Leaves/br_sakura_branches.png
  artifactKey: Guid(9d2dbb4538a7148a0a8e9f02ef427e6d) Importer(815301076,1909f56bfc062723c751e8b465ee728b)
Start importing Assets/Prefabs/Trees (Japanese)/JapaneseGardenPackage/Textures/Leaves/br_sakura_branches.png using Guid(9d2dbb4538a7148a0a8e9f02ef427e6d) Importer(815301076,1909f56bfc062723c751e8b465ee728b)  -> (artifact id: '9a240e6d5ce1642226522726b8bf2e51') in 0.138969 seconds 
========================================================================
Received Import Request.
  Time since last request: 15.006411 seconds.
  path: Packages/com.unity.probuilder/Content/Icons/Toolbar/Background/Tool_Normal_Horizontal.png
  artifactKey: Guid(89890fa7d231845c0b41fed1b560c743) Importer(815301076,1909f56bfc062723c751e8b465ee728b)
Start importing Packages/com.unity.probuilder/Content/Icons/Toolbar/Background/Tool_Normal_Horizontal.png using Guid(89890fa7d231845c0b41fed1b560c743) Importer(815301076,1909f56bfc062723c751e8b465ee728b)  -> (artifact id: 'f22624d6b9ba4442240018e6bcd7e132') in 0.096301 seconds 
Editor requested this worker to shutdown with reason: Scaling down because of idle timeout
AssetImportWorker is now disconnected from the server
Process exiting
Exiting without the bug reporter. Application will terminate with return code 0